#
# There is insufficient memory for the Java Runtime Environment to continue.
# Native memory allocation (malloc) failed to allocate 65552 bytes for Chunk::new
# Possible reasons:
#   The system is out of physical RAM or swap space
#   In 32 bit mode, the process size limit was hit
# Possible solutions:
#   Reduce memory load on the system
#   Increase physical memory or swap space
#   Check if swap backing store is full
#   Use 64 bit Java on a 64 bit OS
#   Decrease Java heap size (-Xmx/-Xms)
#   Decrease number of Java threads
#   Decrease Java thread stack sizes (-Xss)
#   Set larger code cache with -XX:ReservedCodeCacheSize=
# This output file may be truncated or incomplete.
#
#  Out of Memory Error (allocation.cpp:388), pid=5920, tid=6604
#
# JRE version: Java(TM) SE Runtime Environment (8.0_05-b13) (build 1.8.0_05-b13)
# Java VM: Java HotSpot(TM) 64-Bit Server VM (25.5-b02 mixed mode windows-amd64 compressed oops)
# Failed to write core dump. Minidumps are not enabled by default on client versions of Windows
#

---------------  T H R E A D  ---------------

Current thread (0x00000000550c1000):  JavaThread "C2 CompilerThread1" daemon [_thread_in_native, id=6604, stack(0x0000000056890000,0x0000000056990000)]

Stack: [0x0000000056890000,0x0000000056990000]
Native frames: (J=compiled Java code, j=interpreted, Vv=VM code, C=native code)
V  [jvm.dll+0x308dea]


Current CompileTask:
C2:    380  652       4       com.android.dx.ssa.NormalSsaInsn::accept (25 bytes)


---------------  P R O C E S S  ---------------

Java Threads: ( => current thread )
  0x0000000056c65800 JavaThread "pool-2-thread-4" [_thread_in_Java, id=5696, stack(0x00000000573e0000,0x00000000574e0000)]
  0x0000000056c63800 JavaThread "pool-2-thread-3" [_thread_in_Java, id=6588, stack(0x0000000057930000,0x0000000057a30000)]
  0x0000000056b76000 JavaThread "pool-2-thread-2" [_thread_in_Java, id=2760, stack(0x0000000057830000,0x0000000057930000)]
  0x0000000056b73000 JavaThread "pool-3-thread-1" [_thread_blocked, id=6772, stack(0x00000000576f0000,0x00000000577f0000)]
  0x0000000056b6f000 JavaThread "pool-2-thread-1" [_thread_blocked, id=2992, stack(0x00000000574e0000,0x00000000575e0000)]
  0x0000000056a10000 JavaThread "Service Thread" daemon [_thread_blocked, id=476, stack(0x0000000057080000,0x0000000057180000)]
  0x00000000550c6800 JavaThread "C1 CompilerThread2" daemon [_thread_in_native, id=2988, stack(0x0000000056e30000,0x0000000056f30000)]
=>0x00000000550c1000 JavaThread "C2 CompilerThread1" daemon [_thread_in_native, id=6604, stack(0x0000000056890000,0x0000000056990000)]
  0x00000000550be800 JavaThread "C2 CompilerThread0" daemon [_thread_in_native, id=6100, stack(0x0000000056780000,0x0000000056880000)]
  0x00000000550ce800 JavaThread "Attach Listener" daemon [_thread_blocked, id=7148, stack(0x0000000056620000,0x0000000056720000)]
  0x00000000550cb800 JavaThread "Signal Dispatcher" daemon [_thread_blocked, id=6908, stack(0x00000000564b0000,0x00000000565b0000)]
  0x000000005505e000 JavaThread "Finalizer" daemon [_thread_blocked, id=5788, stack(0x0000000056380000,0x0000000056480000)]
  0x0000000055059000 JavaThread "Reference Handler" daemon [_thread_blocked, id=6424, stack(0x00000000561e0000,0x00000000562e0000)]
  0x00000000023de800 JavaThread "main" [_thread_blocked, id=4628, stack(0x0000000002400000,0x0000000002500000)]

Other Threads:
  0x0000000055055800 VMThread [stack: 0x0000000055ff0000,0x00000000560f0000] [id=6608]
  0x0000000056a23800 WatcherThread [stack: 0x00000000572c0000,0x00000000573c0000] [id=1152]

VM state:not at safepoint (normal execution)

VM Mutex/Monitor currently owned by a thread:  ([mutex/lock_event])
[0x00000000023dc460] Heap_lock - owner thread: 0x0000000056b6f000

Heap:
 PSYoungGen      total 5632K, used 3226K [0x00000000eab00000, 0x00000000eb300000, 0x0000000100000000)
  eden space 3584K, 42% used [0x00000000eab00000,0x00000000eac7d0d8,0x00000000eae80000)
  from space 2048K, 83% used [0x00000000eae80000,0x00000000eb0298b0,0x00000000eb080000)
  to   space 1536K, 0% used [0x00000000eb080000,0x00000000eb080000,0x00000000eb200000)
 ParOldGen       total 129536K, used 1883K [0x00000000c0000000, 0x00000000c7e80000, 0x00000000eab00000)
  object space 129536K, 1% used [0x00000000c0000000,0x00000000c01d6fa8,0x00000000c7e80000)
 Metaspace       used 5435K, capacity 6576K, committed 6784K, reserved 1056768K
  class space    used 578K, capacity 616K, committed 640K, reserved 1048576K

Card table byte_map: [0x0000000011b90000,0x0000000011da0000] byte_map_base: 0x0000000011590000

Marking Bits: (ParMarkBitMap*) 0x0000000064d613b0
 Begin Bits: [0x00000000124d0000, 0x00000000134d0000)
 End Bits:   [0x00000000134d0000, 0x00000000144d0000)

Polling page: 0x0000000000250000

CodeCache: size=245760Kb used=2453Kb max_used=2464Kb free=243306Kb
 bounds [0x00000000027d0000, 0x0000000002a40000, 0x00000000117d0000]
 total_blobs=905 nmethods=642 adapters=177
 compilation: enabled

Compilation events (10 events):
Event: 0.377 Thread 0x00000000550be800 nmethod 656 0x0000000002a38210 code [0x0000000002a38380, 0x0000000002a387b8]
Event: 0.377 Thread 0x00000000550be800  664       4       com.android.dx.rop.code.InsnList::get (9 bytes)
Event: 0.377 Thread 0x00000000550be800 nmethod 664 0x0000000002a366d0 code [0x0000000002a36820, 0x0000000002a368f8]
Event: 0.377 Thread 0x00000000550be800  654       4       java.util.ArrayList::ensureExplicitCapacity (26 bytes)
Event: 0.379 Thread 0x00000000550be800 nmethod 654 0x0000000002a37c90 code [0x0000000002a37de0, 0x0000000002a38048]
Event: 0.379 Thread 0x00000000550be800  642       4       java.util.AbstractCollection::<init> (5 bytes)
Event: 0.379 Thread 0x00000000550be800 nmethod 642 0x0000000002a19a50 code [0x0000000002a19b80, 0x0000000002a19bd8]
Event: 0.379 Thread 0x00000000550be800  671       4       java.util.ArrayList::isEmpty (13 bytes)
Event: 0.379 Thread 0x00000000550be800 nmethod 671 0x0000000002a38b50 code [0x0000000002a38c80, 0x0000000002a38cd8]
Event: 0.379 Thread 0x00000000550be800  663       4       com.android.dx.rop.cst.CstString::compareTo0 (15 bytes)

GC Heap History (10 events):
Event: 0.119 GC heap before
{Heap before GC invocations=3 (full 0):
 PSYoungGen      total 1536K, used 1520K [0x00000000eab00000, 0x00000000ead00000, 0x0000000100000000)
  eden space 1024K, 100% used [0x00000000eab00000,0x00000000eac00000,0x00000000eac00000)
  from space 512K, 96% used [0x00000000eac80000,0x00000000eacfc010,0x00000000ead00000)
  to   space 512K, 0% used [0x00000000eac00000,0x00000000eac00000,0x00000000eac80000)
 ParOldGen       total 129536K, used 142K [0x00000000c0000000, 0x00000000c7e80000, 0x00000000eab00000)
  object space 129536K, 0% used [0x00000000c0000000,0x00000000c0023948,0x00000000c7e80000)
 Metaspace       used 3529K, capacity 4880K, committed 5120K, reserved 1056768K
  class space    used 395K, capacity 456K, committed 512K, reserved 1048576K
Event: 0.121 GC heap after
Heap after GC invocations=3 (full 0):
 PSYoungGen      total 1536K, used 512K [0x00000000eab00000, 0x00000000eae00000, 0x0000000100000000)
  eden space 1024K, 0% used [0x00000000eab00000,0x00000000eab00000,0x00000000eac00000)
  from space 512K, 100% used [0x00000000eac00000,0x00000000eac80000,0x00000000eac80000)
  to   space 512K, 0% used [0x00000000ead80000,0x00000000ead80000,0x00000000eae00000)
 ParOldGen       total 129536K, used 409K [0x00000000c0000000, 0x00000000c7e80000, 0x00000000eab00000)
  object space 129536K, 0% used [0x00000000c0000000,0x00000000c00667f0,0x00000000c7e80000)
 Metaspace       used 3529K, capacity 4880K, committed 5120K, reserved 1056768K
  class space    used 395K, capacity 456K, committed 512K, reserved 1048576K
}
Event: 0.149 GC heap before
{Heap before GC invocations=4 (full 0):
 PSYoungGen      total 1536K, used 1536K [0x00000000eab00000, 0x00000000eae00000, 0x0000000100000000)
  eden space 1024K, 100% used [0x00000000eab00000,0x00000000eac00000,0x00000000eac00000)
  from space 512K, 100% used [0x00000000eac00000,0x00000000eac80000,0x00000000eac80000)
  to   space 512K, 0% used [0x00000000ead80000,0x00000000ead80000,0x00000000eae00000)
 ParOldGen       total 129536K, used 409K [0x00000000c0000000, 0x00000000c7e80000, 0x00000000eab00000)
  object space 129536K, 0% used [0x00000000c0000000,0x00000000c00667f0,0x00000000c7e80000)
 Metaspace       used 3820K, capacity 5104K, committed 5376K, reserved 1056768K
  class space    used 435K, capacity 488K, committed 512K, reserved 1048576K
Event: 0.152 GC heap after
Heap after GC invocations=4 (full 0):
 PSYoungGen      total 2560K, used 512K [0x00000000eab00000, 0x00000000eae00000, 0x0000000100000000)
  eden space 2048K, 0% used [0x00000000eab00000,0x00000000eab00000,0x00000000ead00000)
  from space 512K, 100% used [0x00000000ead80000,0x00000000eae00000,0x00000000eae00000)
  to   space 512K, 0% used [0x00000000ead00000,0x00000000ead00000,0x00000000ead80000)
 ParOldGen       total 129536K, used 800K [0x00000000c0000000, 0x00000000c7e80000, 0x00000000eab00000)
  object space 129536K, 0% used [0x00000000c0000000,0x00000000c00c8000,0x00000000c7e80000)
 Metaspace       used 3820K, capacity 5104K, committed 5376K, reserved 1056768K
  class space    used 435K, capacity 488K, committed 512K, reserved 1048576K
}
Event: 0.195 GC heap before
{Heap before GC invocations=5 (full 0):
 PSYoungGen      total 2560K, used 2560K [0x00000000eab00000, 0x00000000eae00000, 0x0000000100000000)
  eden space 2048K, 100% used [0x00000000eab00000,0x00000000ead00000,0x00000000ead00000)
  from space 512K, 100% used [0x00000000ead80000,0x00000000eae00000,0x00000000eae00000)
  to   space 512K, 0% used [0x00000000ead00000,0x00000000ead00000,0x00000000ead80000)
 ParOldGen       total 129536K, used 800K [0x00000000c0000000, 0x00000000c7e80000, 0x00000000eab00000)
  object space 129536K, 0% used [0x00000000c0000000,0x00000000c00c8000,0x00000000c7e80000)
 Metaspace       used 4210K, capacity 5520K, committed 5760K, reserved 1056768K
  class space    used 472K, capacity 520K, committed 640K, reserved 1048576K
Event: 0.200 GC heap after
Heap after GC invocations=5 (full 0):
 PSYoungGen      total 2560K, used 512K [0x00000000eab00000, 0x00000000eb200000, 0x0000000100000000)
  eden space 2048K, 0% used [0x00000000eab00000,0x00000000eab00000,0x00000000ead00000)
  from space 512K, 100% used [0x00000000ead00000,0x00000000ead80000,0x00000000ead80000)
  to   space 1536K, 0% used [0x00000000eb080000,0x00000000eb080000,0x00000000eb200000)
 ParOldGen       total 129536K, used 1723K [0x00000000c0000000, 0x00000000c7e80000, 0x00000000eab00000)
  object space 129536K, 1% used [0x00000000c0000000,0x00000000c01aef48,0x00000000c7e80000)
 Metaspace       used 4210K, capacity 5520K, committed 5760K, reserved 1056768K
  class space    used 472K, capacity 520K, committed 640K, reserved 1048576K
}
Event: 0.249 GC heap before
{Heap before GC invocations=6 (full 0):
 PSYoungGen      total 2560K, used 2560K [0x00000000eab00000, 0x00000000eb200000, 0x0000000100000000)
  eden space 2048K, 100% used [0x00000000eab00000,0x00000000ead00000,0x00000000ead00000)
  from space 512K, 100% used [0x00000000ead00000,0x00000000ead80000,0x00000000ead80000)
  to   space 1536K, 0% used [0x00000000eb080000,0x00000000eb080000,0x00000000eb200000)
 ParOldGen       total 129536K, used 1723K [0x00000000c0000000, 0x00000000c7e80000, 0x00000000eab00000)
  object space 129536K, 1% used [0x00000000c0000000,0x00000000c01aef48,0x00000000c7e80000)
 Metaspace       used 4790K, capacity 6000K, committed 6272K, reserved 1056768K
  class space    used 532K, capacity 552K, committed 640K, reserved 1048576K
Event: 0.267 GC heap after
Heap after GC invocations=6 (full 0):
 PSYoungGen      total 5120K, used 1186K [0x00000000eab00000, 0x00000000eb300000, 0x0000000100000000)
  eden space 3584K, 0% used [0x00000000eab00000,0x00000000eab00000,0x00000000eae80000)
  from space 1536K, 77% used [0x00000000eb080000,0x00000000eb1a8bc8,0x00000000eb200000)
  to   space 2048K, 0% used [0x00000000eae80000,0x00000000eae80000,0x00000000eb080000)
 ParOldGen       total 129536K, used 1723K [0x00000000c0000000, 0x00000000c7e80000, 0x00000000eab00000)
  object space 129536K, 1% used [0x00000000c0000000,0x00000000c01aef48,0x00000000c7e80000)
 Metaspace       used 4790K, capacity 6000K, committed 6272K, reserved 1056768K
  class space    used 532K, capacity 552K, committed 640K, reserved 1048576K
}
Event: 0.332 GC heap before
{Heap before GC invocations=7 (full 0):
 PSYoungGen      total 5120K, used 4770K [0x00000000eab00000, 0x00000000eb300000, 0x0000000100000000)
  eden space 3584K, 100% used [0x00000000eab00000,0x00000000eae80000,0x00000000eae80000)
  from space 1536K, 77% used [0x00000000eb080000,0x00000000eb1a8bc8,0x00000000eb200000)
  to   space 2048K, 0% used [0x00000000eae80000,0x00000000eae80000,0x00000000eb080000)
 ParOldGen       total 129536K, used 1723K [0x00000000c0000000, 0x00000000c7e80000, 0x00000000eab00000)
  object space 129536K, 1% used [0x00000000c0000000,0x00000000c01aef48,0x00000000c7e80000)
 Metaspace       used 5370K, capacity 6512K, committed 6784K, reserved 1056768K
  class space    used 578K, capacity 616K, committed 640K, reserved 1048576K
Event: 0.365 GC heap after
Heap after GC invocations=7 (full 0):
 PSYoungGen      total 5632K, used 1702K [0x00000000eab00000, 0x00000000eb300000, 0x0000000100000000)
  eden space 3584K, 0% used [0x00000000eab00000,0x00000000eab00000,0x00000000eae80000)
  from space 2048K, 83% used [0x00000000eae80000,0x00000000eb0298b0,0x00000000eb080000)
  to   space 1536K, 0% used [0x00000000eb080000,0x00000000eb080000,0x00000000eb200000)
 ParOldGen       total 129536K, used 1883K [0x00000000c0000000, 0x00000000c7e80000, 0x00000000eab00000)
  object space 129536K, 1% used [0x00000000c0000000,0x00000000c01d6fa8,0x00000000c7e80000)
 Metaspace       used 5370K, capacity 6512K, committed 6784K, reserved 1056768K
  class space    used 578K, capacity 616K, committed 640K, reserved 1048576K
}

Deoptimization events (5 events):
Event: 0.273 Thread 0x00000000023de800 Uncommon trap: reason=unreached action=reinterpret pc=0x00000000029c177c method=java.util.HashMap.getNode(ILjava/lang/Object;)Ljava/util/HashMap$Node; @ 143
Event: 0.306 Thread 0x0000000056c63800 Uncommon trap: reason=class_check action=maybe_recompile pc=0x0000000002973de0 method=com.android.dx.rop.cst.CstMemberRef.compareTo0(Lcom/android/dx/rop/cst/Constant;)I @ 1
Event: 0.307 Thread 0x00000000023de800 Uncommon trap: reason=class_check action=maybe_recompile pc=0x0000000002973de0 method=com.android.dx.rop.cst.CstMemberRef.compareTo0(Lcom/android/dx/rop/cst/Constant;)I @ 1
Event: 0.307 Thread 0x00000000023de800 Uncommon trap: reason=class_check action=maybe_recompile pc=0x0000000002973de0 method=com.android.dx.rop.cst.CstMemberRef.compareTo0(Lcom/android/dx/rop/cst/Constant;)I @ 1
Event: 0.308 Thread 0x0000000056b6f000 Uncommon trap: reason=class_check action=maybe_recompile pc=0x0000000002973de0 method=com.android.dx.rop.cst.CstMemberRef.compareTo0(Lcom/android/dx/rop/cst/Constant;)I @ 1

Internal exceptions (10 events):
Event: 0.304 Thread 0x0000000056c63800 Exception <a 'java/security/PrivilegedActionException'> (0x00000000eaca39a8) thrown at [D:\re\workspace\8-2-build-windows-amd64-cygwin\jdk8u5\2488\hotspot\src\share\vm\prims\jvm.cpp, line 1248]
Event: 0.305 Thread 0x0000000056c63800 Exception <a 'java/security/PrivilegedActionException'> (0x00000000eacb82d0) thrown at [D:\re\workspace\8-2-build-windows-amd64-cygwin\jdk8u5\2488\hotspot\src\share\vm\prims\jvm.cpp, line 1248]
Event: 0.305 Thread 0x0000000056c63800 Exception <a 'java/security/PrivilegedActionException'> (0x00000000eacbee50) thrown at [D:\re\workspace\8-2-build-windows-amd64-cygwin\jdk8u5\2488\hotspot\src\share\vm\prims\jvm.cpp, line 1248]
Event: 0.305 Thread 0x0000000056c63800 Exception <a 'java/security/PrivilegedActionException'> (0x00000000eacc0c70) thrown at [D:\re\workspace\8-2-build-windows-amd64-cygwin\jdk8u5\2488\hotspot\src\share\vm\prims\jvm.cpp, line 1248]
Event: 0.306 Thread 0x0000000056c63800 Exception <a 'java/security/PrivilegedActionException'> (0x00000000eaccd0f0) thrown at [D:\re\workspace\8-2-build-windows-amd64-cygwin\jdk8u5\2488\hotspot\src\share\vm\prims\jvm.cpp, line 1248]
Event: 0.306 Thread 0x0000000056c63800 Exception <a 'java/security/PrivilegedActionException'> (0x00000000eacd2398) thrown at [D:\re\workspace\8-2-build-windows-amd64-cygwin\jdk8u5\2488\hotspot\src\share\vm\prims\jvm.cpp, line 1248]
Event: 0.306 Thread 0x0000000056c63800 Exception <a 'java/security/PrivilegedActionException'> (0x00000000eacd5198) thrown at [D:\re\workspace\8-2-build-windows-amd64-cygwin\jdk8u5\2488\hotspot\src\share\vm\prims\jvm.cpp, line 1248]
Event: 0.307 Thread 0x0000000056c63800 Exception <a 'java/security/PrivilegedActionException'> (0x00000000eacd8840) thrown at [D:\re\workspace\8-2-build-windows-amd64-cygwin\jdk8u5\2488\hotspot\src\share\vm\prims\jvm.cpp, line 1248]
Event: 0.307 Thread 0x00000000023de800 Exception <a 'java/security/PrivilegedActionException'> (0x00000000eab72ec8) thrown at [D:\re\workspace\8-2-build-windows-amd64-cygwin\jdk8u5\2488\hotspot\src\share\vm\prims\jvm.cpp, line 1248]
Event: 0.314 Thread 0x0000000056b76000 Exception <a 'java/security/PrivilegedActionException'> (0x00000000ead63088) thrown at [D:\re\workspace\8-2-build-windows-amd64-cygwin\jdk8u5\2488\hotspot\src\share\vm\prims\jvm.cpp, line 1248]

Events (10 events):
Event: 0.307 loading class com/android/dx/cf/code/BytecodeArray$ConstantParserVisitor done
Event: 0.308 Thread 0x0000000056b6f000 Uncommon trap: trap_request=0xffffffde fr.pc=0x0000000002973de0
Event: 0.308 Thread 0x0000000056b6f000 DEOPT PACKING pc=0x0000000002973de0 sp=0x00000000575deb10
Event: 0.308 Thread 0x0000000056b6f000 DEOPT UNPACKING pc=0x00000000028155af sp=0x00000000575dea98 mode 2
Event: 0.314 loading class com/android/dx/ssa/back/FirstFitLocalCombiningAllocator$Multiset
Event: 0.314 loading class com/android/dx/ssa/back/FirstFitLocalCombiningAllocator$Multiset done
Event: 0.316 loading class java/util/DualPivotQuicksort
Event: 0.316 loading class java/util/DualPivotQuicksort done
Event: 0.332 Executing VM operation: ParallelGCFailedAllocation
Event: 0.365 Executing VM operation: ParallelGCFailedAllocation done


Dynamic libraries:
0x000000013f870000 - 0x000000013f8a4000 	C:\Program Files\Java\jdk1.8.0_05\bin\java.exe
0x0000000077a60000 - 0x0000000077c09000 	C:\windows\SYSTEM32\ntdll.dll
0x0000000077940000 - 0x0000000077a5f000 	C:\windows\system32\kernel32.dll
0x000007fefdb00000 - 0x000007fefdb6b000 	C:\windows\system32\KERNELBASE.dll
0x000007feff550000 - 0x000007feff62b000 	C:\windows\system32\ADVAPI32.dll
0x000007feff960000 - 0x000007feff9ff000 	C:\windows\system32\msvcrt.dll
0x000007feffcf0000 - 0x000007feffd0f000 	C:\windows\SYSTEM32\sechost.dll
0x000007fefe1b0000 - 0x000007fefe2dd000 	C:\windows\system32\RPCRT4.dll
0x0000000077840000 - 0x000000007793a000 	C:\windows\system32\USER32.dll
0x000007feff340000 - 0x000007feff3a7000 	C:\windows\system32\GDI32.dll
0x000007fefe1a0000 - 0x000007fefe1ae000 	C:\windows\system32\LPK.dll
0x000007feff890000 - 0x000007feff959000 	C:\windows\system32\USP10.dll
0x000007fefc250000 - 0x000007fefc444000 	C:\windows\WinSxS\amd64_microsoft.windows.common-controls_6595b64144ccf1df_6.0.7601.17514_none_fa396087175ac9ac\COMCTL32.dll
0x000007fefe2e0000 - 0x000007fefe351000 	C:\windows\system32\SHLWAPI.dll
0x000007fefd650000 - 0x000007fefd6a7000 	C:\windows\system32\apphelp.dll
0x000007fef2c40000 - 0x000007fef2c91000 	C:\windows\AppPatch\AppPatch64\AcGenral.DLL
0x000007fefd620000 - 0x000007fefd645000 	C:\windows\system32\SspiCli.dll
0x000007fefdf90000 - 0x000007fefe193000 	C:\windows\system32\ole32.dll
0x000007fefe440000 - 0x000007feff1c8000 	C:\windows\system32\SHELL32.dll
0x000000006fef0000 - 0x000000006fef3000 	C:\windows\system32\sfc.dll
0x000007fef88a0000 - 0x000007fef88b0000 	C:\windows\system32\sfc_os.DLL
0x000007fefd850000 - 0x000007fefd86e000 	C:\windows\system32\USERENV.dll
0x000007fefd810000 - 0x000007fefd81f000 	C:\windows\system32\profapi.dll
0x000007fefb9c0000 - 0x000007fefb9d8000 	C:\windows\system32\dwmapi.dll
0x000007fef7130000 - 0x000007fef7148000 	C:\windows\system32\MPR.dll
0x000007feff1d0000 - 0x000007feff1fe000 	C:\windows\system32\IMM32.DLL
0x000007feff440000 - 0x000007feff549000 	C:\windows\system32\MSCTF.dll
0x0000000065cf0000 - 0x0000000065dc2000 	C:\Program Files\Java\jdk1.8.0_05\jre\bin\msvcr100.dll
0x00000000645b0000 - 0x0000000064dda000 	C:\Program Files\Java\jdk1.8.0_05\jre\bin\server\jvm.dll
0x000007fef88b0000 - 0x000007fef88b9000 	C:\windows\system32\WSOCK32.dll
0x000007fefdd60000 - 0x000007fefddad000 	C:\windows\system32\WS2_32.dll
0x000007feff3b0000 - 0x000007feff3b8000 	C:\windows\system32\NSI.dll
0x000007fefaa10000 - 0x000007fefaa4b000 	C:\windows\system32\WINMM.dll
0x0000000077c20000 - 0x0000000077c27000 	C:\windows\system32\PSAPI.DLL
0x000000006ed40000 - 0x000000006ed4f000 	C:\Program Files\Java\jdk1.8.0_05\jre\bin\verify.dll
0x000000006ea10000 - 0x000000006ea38000 	C:\Program Files\Java\jdk1.8.0_05\jre\bin\java.dll
0x000000006ed20000 - 0x000000006ed36000 	C:\Program Files\Java\jdk1.8.0_05\jre\bin\zip.dll

VM Arguments:
jvm_args: -Djava.awt.headless=true -Xmx1024M -Dfile.encoding=windows-1252 -Duser.country=CN -Duser.language=zh -Duser.variant 
java_command: com.android.dx.command.Main --dex --force-jumbo --num-threads=4 --multi-dex --output D:\Android\android project\Fragment\app\build\intermediates\transforms\dex\debug\folders\1000\5\slice_2 D:\Android\android project\Fragment\app\build\intermediates\transforms\instantRunSlicer\debug\folders\1\5\slice_2
java_class_path (initial): D:\Android\sdk\build-tools\23.0.3\lib\dx.jar
Launcher Type: SUN_STANDARD

Environment Variables:
CLASSPATH=.
PATH=C:\Windows\system32;C:\Windows;C:\Windows\System32\Wbem;C:\Windows\System32\WindowsPowerShell\v1.0\;C:\Program Files\Java\jdk1.8.0_05\bin;C:\Program Files (x86)\QuickTime\QTSystem\
USERNAME=L
OS=Windows_NT
PROCESSOR_IDENTIFIER=Intel64 Family 6 Model 60 Stepping 3, GenuineIntel



---------------  S Y S T E M  ---------------

OS: Windows 7 , 64 bit Build 7601 Service Pack 1

CPU:total 4 (4 cores per cpu, 1 threads per core) family 6 model 60 stepping 3, cmov, cx8, fxsr, mmx, sse, sse2, sse3, ssse3, sse4.1, sse4.2, popcnt, avx, avx2, aes, clmul, erms, tsc, tscinvbit

Memory: 4k page, physical 8329424k(1093024k free), swap 8327560k(4768k free)

vm_info: Java HotSpot(TM) 64-Bit Server VM (25.5-b02) for windows-amd64 JRE (1.8.0_05-b13), built on Mar 18 2014 01:08:39 by "java_re" with MS VC++ 10.0 (VS2010)

time: Tue May 10 00:14:11 2016
elapsed time: 0 seconds

