#
# There is insufficient memory for the Java Runtime Environment to continue.
# Native memory allocation (malloc) failed to allocate 414 bytes for AllocateHeap
# Possible reasons:
#   The system is out of physical RAM or swap space
#   In 32 bit mode, the process size limit was hit
# Possible solutions:
#   Reduce memory load on the system
#   Increase physical memory or swap space
#   Check if swap backing store is full
#   Use 64 bit Java on a 64 bit OS
#   Decrease Java heap size (-Xmx/-Xms)
#   Decrease number of Java threads
#   Decrease Java thread stack sizes (-Xss)
#   Set larger code cache with -XX:ReservedCodeCacheSize=
# This output file may be truncated or incomplete.
#
#  Out of Memory Error (memory/allocation.inline.hpp:62), pid=4016, tid=5844
#
# JRE version:  ((uninitialized)) (build )
# Java VM: Java HotSpot(TM) 64-Bit Server VM (25.5-b02 mixed mode, sharing windows-amd64 )
# Failed to write core dump. Minidumps are not enabled by default on client versions of Windows
#

---------------  T H R E A D  ---------------

Current thread is native thread

Stack: [0x00000000027d0000,0x00000000028d0000]
Native frames: (J=compiled Java code, j=interpreted, Vv=VM code, C=native code)
V  [jvm.dll+0x308dea]


---------------  P R O C E S S  ---------------

VM state:not at safepoint (not fully initialized)

VM Mutex/Monitor currently owned by a thread: None


Dynamic libraries:
0x000000013f870000 - 0x000000013f8a4000 	C:\Program Files\Java\jdk1.8.0_05\bin\java.exe
0x0000000077a60000 - 0x0000000077c09000 	C:\windows\SYSTEM32\ntdll.dll
0x0000000077940000 - 0x0000000077a5f000 	C:\windows\system32\kernel32.dll
0x000007fefdb00000 - 0x000007fefdb6b000 	C:\windows\system32\KERNELBASE.dll
0x000007feff550000 - 0x000007feff62b000 	C:\windows\system32\ADVAPI32.dll
0x000007feff960000 - 0x000007feff9ff000 	C:\windows\system32\msvcrt.dll
0x000007feffcf0000 - 0x000007feffd0f000 	C:\windows\SYSTEM32\sechost.dll
0x000007fefe1b0000 - 0x000007fefe2dd000 	C:\windows\system32\RPCRT4.dll
0x0000000077840000 - 0x000000007793a000 	C:\windows\system32\USER32.dll
0x000007feff340000 - 0x000007feff3a7000 	C:\windows\system32\GDI32.dll
0x000007fefe1a0000 - 0x000007fefe1ae000 	C:\windows\system32\LPK.dll
0x000007feff890000 - 0x000007feff959000 	C:\windows\system32\USP10.dll
0x000007fefc250000 - 0x000007fefc444000 	C:\windows\WinSxS\amd64_microsoft.windows.common-controls_6595b64144ccf1df_6.0.7601.17514_none_fa396087175ac9ac\COMCTL32.dll
0x000007fefe2e0000 - 0x000007fefe351000 	C:\windows\system32\SHLWAPI.dll
0x000007fefd650000 - 0x000007fefd6a7000 	C:\windows\system32\apphelp.dll
0x000007fef2c40000 - 0x000007fef2c91000 	C:\windows\AppPatch\AppPatch64\AcGenral.DLL
0x000007fefd620000 - 0x000007fefd645000 	C:\windows\system32\SspiCli.dll
0x000007fefdf90000 - 0x000007fefe193000 	C:\windows\system32\ole32.dll
0x000007fefe440000 - 0x000007feff1c8000 	C:\windows\system32\SHELL32.dll
0x000000006fef0000 - 0x000000006fef3000 	C:\windows\system32\sfc.dll
0x000007fef88a0000 - 0x000007fef88b0000 	C:\windows\system32\sfc_os.DLL
0x000007fefd850000 - 0x000007fefd86e000 	C:\windows\system32\USERENV.dll
0x000007fefd810000 - 0x000007fefd81f000 	C:\windows\system32\profapi.dll
0x000007fefb9c0000 - 0x000007fefb9d8000 	C:\windows\system32\dwmapi.dll
0x000007fef7130000 - 0x000007fef7148000 	C:\windows\system32\MPR.dll
0x000007feff1d0000 - 0x000007feff1fe000 	C:\windows\system32\IMM32.DLL
0x000007feff440000 - 0x000007feff549000 	C:\windows\system32\MSCTF.dll
0x0000000065cf0000 - 0x0000000065dc2000 	C:\Program Files\Java\jdk1.8.0_05\jre\bin\msvcr100.dll
0x00000000645b0000 - 0x0000000064dda000 	C:\Program Files\Java\jdk1.8.0_05\jre\bin\server\jvm.dll
0x000007fef88b0000 - 0x000007fef88b9000 	C:\windows\system32\WSOCK32.dll
0x000007fefdd60000 - 0x000007fefddad000 	C:\windows\system32\WS2_32.dll
0x000007feff3b0000 - 0x000007feff3b8000 	C:\windows\system32\NSI.dll
0x000007fefaa10000 - 0x000007fefaa4b000 	C:\windows\system32\WINMM.dll
0x0000000077c20000 - 0x0000000077c27000 	C:\windows\system32\PSAPI.DLL

VM Arguments:
java_command: <unknown>
java_class_path (initial): <not set>
Launcher Type: SUN_STANDARD

Environment Variables:
CLASSPATH=.
PATH=C:\Windows\system32;C:\Windows;C:\Windows\System32\Wbem;C:\Windows\System32\WindowsPowerShell\v1.0\;C:\Program Files\Java\jdk1.8.0_05\bin;C:\Program Files (x86)\QuickTime\QTSystem\
USERNAME=L
OS=Windows_NT
PROCESSOR_IDENTIFIER=Intel64 Family 6 Model 60 Stepping 3, GenuineIntel



---------------  S Y S T E M  ---------------

OS: Windows 7 , 64 bit Build 7601 Service Pack 1

CPU:total 4 

Memory: 4k page, physical 8329424k(1076628k free), swap 8327560k(5064k free)

vm_info: Java HotSpot(TM) 64-Bit Server VM (25.5-b02) for windows-amd64 JRE (1.8.0_05-b13), built on Mar 18 2014 01:08:39 by "java_re" with MS VC++ 10.0 (VS2010)

time: Tue May 10 00:14:22 2016
elapsed time: 0 seconds

