#
# There is insufficient memory for the Java Runtime Environment to continue.
# Native memory allocation (malloc) failed to allocate 1464576 bytes for Chunk::new
# Possible reasons:
#   The system is out of physical RAM or swap space
#   In 32 bit mode, the process size limit was hit
# Possible solutions:
#   Reduce memory load on the system
#   Increase physical memory or swap space
#   Check if swap backing store is full
#   Use 64 bit Java on a 64 bit OS
#   Decrease Java heap size (-Xmx/-Xms)
#   Decrease number of Java threads
#   Decrease Java thread stack sizes (-Xss)
#   Set larger code cache with -XX:ReservedCodeCacheSize=
# This output file may be truncated or incomplete.
#
#  Out of Memory Error (allocation.cpp:388), pid=5832, tid=3500
#
# JRE version: Java(TM) SE Runtime Environment (8.0_05-b13) (build 1.8.0_05-b13)
# Java VM: Java HotSpot(TM) 64-Bit Server VM (25.5-b02 mixed mode windows-amd64 compressed oops)
# Failed to write core dump. Minidumps are not enabled by default on client versions of Windows
#

---------------  T H R E A D  ---------------

Current thread (0x0000000055115800):  JavaThread "C2 CompilerThread1" daemon [_thread_in_native, id=3500, stack(0x0000000056a30000,0x0000000056b30000)]

Stack: [0x0000000056a30000,0x0000000056b30000]
Native frames: (J=compiled Java code, j=interpreted, Vv=VM code, C=native code)
V  [jvm.dll+0x308dea]


Current CompileTask:
C2:   5723 2365   !   4       com.android.dx.cf.code.BytecodeArray::parseInstruction (2764 bytes)


---------------  P R O C E S S  ---------------

Java Threads: ( => current thread )
  0x000000005747d000 JavaThread "pool-2-thread-4" [_thread_in_Java, id=1236, stack(0x00000000581a0000,0x00000000582a0000)]
  0x0000000056de5800 JavaThread "pool-2-thread-3" [_thread_blocked, id=6532, stack(0x0000000056fa0000,0x00000000570a0000)]
  0x0000000056e11800 JavaThread "pool-2-thread-2" [_thread_blocked, id=6324, stack(0x0000000058090000,0x0000000058190000)]
  0x0000000056db4000 JavaThread "pool-3-thread-1" [_thread_blocked, id=816, stack(0x0000000057e90000,0x0000000057f90000)]
  0x0000000056db2000 JavaThread "pool-2-thread-1" [_thread_blocked, id=4232, stack(0x0000000057cf0000,0x0000000057df0000)]
  0x0000000056ba5000 JavaThread "Service Thread" daemon [_thread_blocked, id=5768, stack(0x0000000057210000,0x0000000057310000)]
  0x0000000055116800 JavaThread "C1 CompilerThread2" daemon [_thread_blocked, id=3628, stack(0x00000000570a0000,0x00000000571a0000)]
=>0x0000000055115800 JavaThread "C2 CompilerThread1" daemon [_thread_in_native, id=3500, stack(0x0000000056a30000,0x0000000056b30000)]
  0x0000000055112800 JavaThread "C2 CompilerThread0" daemon [_thread_blocked, id=4708, stack(0x00000000568d0000,0x00000000569d0000)]
  0x000000005511e800 JavaThread "Attach Listener" daemon [_thread_blocked, id=3580, stack(0x0000000056790000,0x0000000056890000)]
  0x000000005511d800 JavaThread "Signal Dispatcher" daemon [_thread_blocked, id=6512, stack(0x0000000056590000,0x0000000056690000)]
  0x00000000550b6000 JavaThread "Finalizer" daemon [_thread_blocked, id=1740, stack(0x0000000056490000,0x0000000056590000)]
  0x00000000550ab000 JavaThread "Reference Handler" daemon [_thread_blocked, id=5092, stack(0x0000000056200000,0x0000000056300000)]
  0x00000000023de800 JavaThread "main" [_thread_in_Java, id=6704, stack(0x00000000023f0000,0x00000000024f0000)]

Other Threads:
  0x00000000550a7800 VMThread [stack: 0x0000000056300000,0x0000000056400000] [id=5476]
  0x0000000056ba8000 WatcherThread [stack: 0x0000000057320000,0x0000000057420000] [id=6040]

VM state:not at safepoint (normal execution)

VM Mutex/Monitor currently owned by a thread: None

Heap:
 PSYoungGen      total 81920K, used 56689K [0x00000000eab00000, 0x00000000f2c00000, 0x0000000100000000)
  eden space 70144K, 64% used [0x00000000eab00000,0x00000000ed6de840,0x00000000eef80000)
  from space 11776K, 99% used [0x00000000eef80000,0x00000000efafdd08,0x00000000efb00000)
  to   space 16896K, 0% used [0x00000000f1b80000,0x00000000f1b80000,0x00000000f2c00000)
 ParOldGen       total 129536K, used 41206K [0x00000000c0000000, 0x00000000c7e80000, 0x00000000eab00000)
  object space 129536K, 31% used [0x00000000c0000000,0x00000000c283da10,0x00000000c7e80000)
 Metaspace       used 6146K, capacity 7064K, committed 7424K, reserved 1056768K
  class space    used 613K, capacity 656K, committed 768K, reserved 1048576K

Card table byte_map: [0x0000000011c80000,0x0000000011e90000] byte_map_base: 0x0000000011680000

Marking Bits: (ParMarkBitMap*) 0x0000000064d613b0
 Begin Bits: [0x0000000012520000, 0x0000000013520000)
 End Bits:   [0x0000000013520000, 0x0000000014520000)

Polling page: 0x0000000000140000

CodeCache: size=245760Kb used=11690Kb max_used=11700Kb free=234069Kb
 bounds [0x00000000028c0000, 0x0000000003440000, 0x00000000118c0000]
 total_blobs=2604 nmethods=2339 adapters=178
 compilation: enabled

Compilation events (10 events):
Event: 5.709 Thread 0x0000000055116800 nmethod 2369 0x000000000342f650 code [0x000000000342f840, 0x0000000003430338]
Event: 5.709 Thread 0x0000000055112800 nmethod 2360% 0x00000000033fa710 code [0x00000000033fa860, 0x00000000033faa48]
Event: 5.709 Thread 0x0000000055112800 2361 % !   4       com.android.dx.cf.cst.ConstantPoolParser::determineOffsets @ 5 (285 bytes)
Event: 5.714 Thread 0x0000000055116800 2370   !   3       com.android.dx.rop.type.Type::putIntern (50 bytes)
Event: 5.714 Thread 0x0000000055116800 nmethod 2370 0x0000000003426b10 code [0x0000000003426d00, 0x00000000034276b8]
Event: 5.714 Thread 0x0000000055112800 nmethod 2361% 0x0000000003424fd0 code [0x0000000003425360, 0x00000000034258f8]
Event: 5.715 Thread 0x0000000055112800 2366       4       com.android.dx.cf.code.BytecodeArray$ConstantParserVisitor::visitConstant (18 bytes)
Event: 5.715 Thread 0x0000000055112800 nmethod 2366 0x0000000003390c10 code [0x0000000003390d40, 0x0000000003390db8]
Event: 5.718 Thread 0x0000000055116800 2371       3       com.android.dx.rop.type.Type::isCategory1 (36 bytes)
Event: 5.719 Thread 0x0000000055116800 nmethod 2371 0x00000000029be490 code [0x00000000029be5e0, 0x00000000029be750]

GC Heap History (10 events):
Event: 2.852 GC heap before
{Heap before GC invocations=15 (full 0):
 PSYoungGen      total 35840K, used 34112K [0x00000000eab00000, 0x00000000ed380000, 0x0000000100000000)
  eden space 31744K, 100% used [0x00000000eab00000,0x00000000eca00000,0x00000000eca00000)
  from space 4096K, 57% used [0x00000000ece80000,0x00000000ed0d0000,0x00000000ed280000)
  to   space 4608K, 0% used [0x00000000eca00000,0x00000000eca00000,0x00000000ece80000)
 ParOldGen       total 129536K, used 11684K [0x00000000c0000000, 0x00000000c7e80000, 0x00000000eab00000)
  object space 129536K, 9% used [0x00000000c0000000,0x00000000c0b691f8,0x00000000c7e80000)
 Metaspace       used 5946K, capacity 6960K, committed 7040K, reserved 1056768K
  class space    used 593K, capacity 616K, committed 640K, reserved 1048576K
Event: 2.867 GC heap after
Heap after GC invocations=15 (full 0):
 PSYoungGen      total 36352K, used 4576K [0x00000000eab00000, 0x00000000eea00000, 0x0000000100000000)
  eden space 31744K, 0% used [0x00000000eab00000,0x00000000eab00000,0x00000000eca00000)
  from space 4608K, 99% used [0x00000000eca00000,0x00000000ece78010,0x00000000ece80000)
  to   space 6656K, 0% used [0x00000000ee380000,0x00000000ee380000,0x00000000eea00000)
 ParOldGen       total 129536K, used 14854K [0x00000000c0000000, 0x00000000c7e80000, 0x00000000eab00000)
  object space 129536K, 11% used [0x00000000c0000000,0x00000000c0e81a80,0x00000000c7e80000)
 Metaspace       used 5946K, capacity 6960K, committed 7040K, reserved 1056768K
  class space    used 593K, capacity 616K, committed 640K, reserved 1048576K
}
Event: 3.713 GC heap before
{Heap before GC invocations=16 (full 0):
 PSYoungGen      total 36352K, used 36320K [0x00000000eab00000, 0x00000000eea00000, 0x0000000100000000)
  eden space 31744K, 100% used [0x00000000eab00000,0x00000000eca00000,0x00000000eca00000)
  from space 4608K, 99% used [0x00000000eca00000,0x00000000ece78010,0x00000000ece80000)
  to   space 6656K, 0% used [0x00000000ee380000,0x00000000ee380000,0x00000000eea00000)
 ParOldGen       total 129536K, used 14854K [0x00000000c0000000, 0x00000000c7e80000, 0x00000000eab00000)
  object space 129536K, 11% used [0x00000000c0000000,0x00000000c0e81a80,0x00000000c7e80000)
 Metaspace       used 5966K, capacity 6960K, committed 7040K, reserved 1056768K
  class space    used 593K, capacity 616K, committed 640K, reserved 1048576K
Event: 3.727 GC heap after
Heap after GC invocations=16 (full 0):
 PSYoungGen      total 57344K, used 5248K [0x00000000eab00000, 0x00000000eeb00000, 0x0000000100000000)
  eden space 50688K, 0% used [0x00000000eab00000,0x00000000eab00000,0x00000000edc80000)
  from space 6656K, 78% used [0x00000000ee380000,0x00000000ee8a0000,0x00000000eea00000)
  to   space 7168K, 0% used [0x00000000edc80000,0x00000000edc80000,0x00000000ee380000)
 ParOldGen       total 129536K, used 19402K [0x00000000c0000000, 0x00000000c7e80000, 0x00000000eab00000)
  object space 129536K, 14% used [0x00000000c0000000,0x00000000c12f29c0,0x00000000c7e80000)
 Metaspace       used 5966K, capacity 6960K, committed 7040K, reserved 1056768K
  class space    used 593K, capacity 616K, committed 640K, reserved 1048576K
}
Event: 4.601 GC heap before
{Heap before GC invocations=17 (full 0):
 PSYoungGen      total 57344K, used 55936K [0x00000000eab00000, 0x00000000eeb00000, 0x0000000100000000)
  eden space 50688K, 100% used [0x00000000eab00000,0x00000000edc80000,0x00000000edc80000)
  from space 6656K, 78% used [0x00000000ee380000,0x00000000ee8a0000,0x00000000eea00000)
  to   space 7168K, 0% used [0x00000000edc80000,0x00000000edc80000,0x00000000ee380000)
 ParOldGen       total 129536K, used 19402K [0x00000000c0000000, 0x00000000c7e80000, 0x00000000eab00000)
  object space 129536K, 14% used [0x00000000c0000000,0x00000000c12f29c0,0x00000000c7e80000)
 Metaspace       used 6017K, capacity 7024K, committed 7296K, reserved 1056768K
  class space    used 594K, capacity 616K, committed 640K, reserved 1048576K
Event: 4.614 GC heap after
Heap after GC invocations=17 (full 0):
 PSYoungGen      total 57856K, used 7136K [0x00000000eab00000, 0x00000000f0580000, 0x0000000100000000)
  eden space 50688K, 0% used [0x00000000eab00000,0x00000000eab00000,0x00000000edc80000)
  from space 7168K, 99% used [0x00000000edc80000,0x00000000ee378210,0x00000000ee380000)
  to   space 10752K, 0% used [0x00000000efb00000,0x00000000efb00000,0x00000000f0580000)
 ParOldGen       total 129536K, used 25966K [0x00000000c0000000, 0x00000000c7e80000, 0x00000000eab00000)
  object space 129536K, 20% used [0x00000000c0000000,0x00000000c195bb08,0x00000000c7e80000)
 Metaspace       used 6017K, capacity 7024K, committed 7296K, reserved 1056768K
  class space    used 594K, capacity 616K, committed 640K, reserved 1048576K
}
Event: 4.889 GC heap before
{Heap before GC invocations=18 (full 0):
 PSYoungGen      total 57856K, used 57824K [0x00000000eab00000, 0x00000000f0580000, 0x0000000100000000)
  eden space 50688K, 100% used [0x00000000eab00000,0x00000000edc80000,0x00000000edc80000)
  from space 7168K, 99% used [0x00000000edc80000,0x00000000ee378210,0x00000000ee380000)
  to   space 10752K, 0% used [0x00000000efb00000,0x00000000efb00000,0x00000000f0580000)
 ParOldGen       total 129536K, used 25966K [0x00000000c0000000, 0x00000000c7e80000, 0x00000000eab00000)
  object space 129536K, 20% used [0x00000000c0000000,0x00000000c195bb08,0x00000000c7e80000)
 Metaspace       used 6039K, capacity 7024K, committed 7296K, reserved 1056768K
  class space    used 594K, capacity 616K, committed 640K, reserved 1048576K
Event: 4.922 GC heap after
Heap after GC invocations=18 (full 0):
 PSYoungGen      total 80896K, used 8384K [0x00000000eab00000, 0x00000000f0780000, 0x0000000100000000)
  eden space 70144K, 0% used [0x00000000eab00000,0x00000000eab00000,0x00000000eef80000)
  from space 10752K, 77% used [0x00000000efb00000,0x00000000f0330000,0x00000000f0580000)
  to   space 11776K, 0% used [0x00000000eef80000,0x00000000eef80000,0x00000000efb00000)
 ParOldGen       total 129536K, used 33076K [0x00000000c0000000, 0x00000000c7e80000, 0x00000000eab00000)
  object space 129536K, 25% used [0x00000000c0000000,0x00000000c204d0c0,0x00000000c7e80000)
 Metaspace       used 6039K, capacity 7024K, committed 7296K, reserved 1056768K
  class space    used 594K, capacity 616K, committed 640K, reserved 1048576K
}
Event: 5.640 GC heap before
{Heap before GC invocations=19 (full 0):
 PSYoungGen      total 80896K, used 78528K [0x00000000eab00000, 0x00000000f0780000, 0x0000000100000000)
  eden space 70144K, 100% used [0x00000000eab00000,0x00000000eef80000,0x00000000eef80000)
  from space 10752K, 77% used [0x00000000efb00000,0x00000000f0330000,0x00000000f0580000)
  to   space 11776K, 0% used [0x00000000eef80000,0x00000000eef80000,0x00000000efb00000)
 ParOldGen       total 129536K, used 33076K [0x00000000c0000000, 0x00000000c7e80000, 0x00000000eab00000)
  object space 129536K, 25% used [0x00000000c0000000,0x00000000c204d0c0,0x00000000c7e80000)
 Metaspace       used 6143K, capacity 7064K, committed 7424K, reserved 1056768K
  class space    used 613K, capacity 656K, committed 768K, reserved 1048576K
Event: 5.663 GC heap after
Heap after GC invocations=19 (full 0):
 PSYoungGen      total 81920K, used 11767K [0x00000000eab00000, 0x00000000f2c00000, 0x0000000100000000)
  eden space 70144K, 0% used [0x00000000eab00000,0x00000000eab00000,0x00000000eef80000)
  from space 11776K, 99% used [0x00000000eef80000,0x00000000efafdd08,0x00000000efb00000)
  to   space 16896K, 0% used [0x00000000f1b80000,0x00000000f1b80000,0x00000000f2c00000)
 ParOldGen       total 129536K, used 41206K [0x00000000c0000000, 0x00000000c7e80000, 0x00000000eab00000)
  object space 129536K, 31% used [0x00000000c0000000,0x00000000c283da10,0x00000000c7e80000)
 Metaspace       used 6143K, capacity 7064K, committed 7424K, reserved 1056768K
  class space    used 613K, capacity 656K, committed 768K, reserved 1048576K
}

Deoptimization events (10 events):
Event: 5.581 Thread 0x0000000056e11800 Uncommon trap: reason=unreached action=reinterpret pc=0x000000000336d1d4 method=java.util.HashMap.putVal(ILjava/lang/Object;Ljava/lang/Object;ZZ)Ljava/lang/Object; @ 109
Event: 5.596 Thread 0x0000000056e11800 Uncommon trap: reason=unreached action=reinterpret pc=0x000000000320bd60 method=java.util.HashMap.getNode(ILjava/lang/Object;)Ljava/util/HashMap$Node; @ 84
Event: 5.673 Thread 0x00000000023de800 Uncommon trap: reason=unreached action=reinterpret pc=0x00000000031b4998 method=java.util.HashMap.getNode(ILjava/lang/Object;)Ljava/util/HashMap$Node; @ 84
Event: 5.673 Thread 0x00000000023de800 Uncommon trap: reason=unreached action=reinterpret pc=0x0000000002d06e10 method=java.util.HashMap.putVal(ILjava/lang/Object;Ljava/lang/Object;ZZ)Ljava/lang/Object; @ 109
Event: 5.698 Thread 0x00000000023de800 Uncommon trap: reason=bimorphic action=maybe_recompile pc=0x00000000034065e8 method=com.android.dx.cf.code.BytecodeArray.parseInstruction(ILcom/android/dx/cf/code/BytecodeArray$Visitor;)I @ 1035
Event: 5.698 Thread 0x00000000023de800 Uncommon trap: reason=bimorphic action=maybe_recompile pc=0x0000000003406478 method=com.android.dx.cf.code.BytecodeArray.parseInstruction(ILcom/android/dx/cf/code/BytecodeArray$Visitor;)I @ 971
Event: 5.698 Thread 0x00000000023de800 Uncommon trap: reason=bimorphic action=maybe_recompile pc=0x00000000034064f8 method=com.android.dx.cf.code.BytecodeArray.parseInstruction(ILcom/android/dx/cf/code/BytecodeArray$Visitor;)I @ 987
Event: 5.698 Thread 0x00000000023de800 Uncommon trap: reason=bimorphic action=maybe_recompile pc=0x0000000003406660 method=com.android.dx.cf.code.BytecodeArray.parseInstruction(ILcom/android/dx/cf/code/BytecodeArray$Visitor;)I @ 1051
Event: 5.698 Thread 0x00000000023de800 Uncommon trap: reason=bimorphic action=maybe_recompile pc=0x0000000003406660 method=com.android.dx.cf.code.BytecodeArray.parseInstruction(ILcom/android/dx/cf/code/BytecodeArray$Visitor;)I @ 1051
Event: 5.722 Thread 0x00000000023de800 Uncommon trap: reason=unreached action=reinterpret pc=0x000000000325bcfc method=com.android.dx.cf.direct.StdAttributeFactory.parse0(Lcom/android/dx/cf/direct/DirectClassFile;ILjava/lang/String;IILcom/android/dx/cf/iface/ParseObserver;)Lcom/android/dx/cf/if

Internal exceptions (10 events):
Event: 0.697 Thread 0x0000000056de5800 Exception <a 'java/security/PrivilegedActionException'> (0x00000000eac02200) thrown at [D:\re\workspace\8-2-build-windows-amd64-cygwin\jdk8u5\2488\hotspot\src\share\vm\prims\jvm.cpp, line 1248]
Event: 1.060 Thread 0x0000000056e11800 Exception <a 'java/security/PrivilegedActionException'> (0x00000000eafdd410) thrown at [D:\re\workspace\8-2-build-windows-amd64-cygwin\jdk8u5\2488\hotspot\src\share\vm\prims\jvm.cpp, line 1248]
Event: 1.995 Thread 0x00000000023de800 Exception <a 'java/security/PrivilegedActionException'> (0x00000000eb3ace48) thrown at [D:\re\workspace\8-2-build-windows-amd64-cygwin\jdk8u5\2488\hotspot\src\share\vm\prims\jvm.cpp, line 1248]
Event: 2.021 Thread 0x0000000056e11800 Exception <a 'java/security/PrivilegedActionException'> (0x00000000eb441490) thrown at [D:\re\workspace\8-2-build-windows-amd64-cygwin\jdk8u5\2488\hotspot\src\share\vm\prims\jvm.cpp, line 1248]
Event: 2.902 Thread 0x0000000056e11800 Implicit null exception at 0x000000000307af18 to 0x000000000307fdd9
Event: 4.191 Thread 0x00000000023de800 Exception <a 'java/security/PrivilegedActionException'> (0x00000000eb7b6a40) thrown at [D:\re\workspace\8-2-build-windows-amd64-cygwin\jdk8u5\2488\hotspot\src\share\vm\prims\jvm.cpp, line 1248]
Event: 4.645 Thread 0x000000005747d000 Implicit null exception at 0x0000000002e7bdf5 to 0x0000000002e7d6e5
Event: 5.025 Thread 0x0000000056db2000 Exception <a 'java/lang/ArrayIndexOutOfBoundsException': 18> (0x00000000eb521970) thrown at [D:\re\workspace\8-2-build-windows-amd64-cygwin\jdk8u5\2488\hotspot\src\share\vm\interpreter\interpreterRuntime.cpp, line 337]
Event: 5.025 Thread 0x0000000056db2000 Exception <a 'java/lang/ArrayIndexOutOfBoundsException': 145> (0x00000000eb523408) thrown at [D:\re\workspace\8-2-build-windows-amd64-cygwin\jdk8u5\2488\hotspot\src\share\vm\interpreter\interpreterRuntime.cpp, line 337]
Event: 5.026 Thread 0x0000000056db2000 Exception <a 'java/lang/ArrayIndexOutOfBoundsException'> (0x00000000eb524620) thrown at [D:\re\workspace\8-2-build-windows-amd64-cygwin\jdk8u5\2488\hotspot\src\share\vm\runtime\sharedRuntime.cpp, line 595]

Events (10 events):
Event: 5.698 Thread 0x00000000023de800 DEOPT PACKING pc=0x0000000003406660 sp=0x00000000024ee210
Event: 5.698 Thread 0x00000000023de800 DEOPT UNPACKING pc=0x00000000029055af sp=0x00000000024ee1a8 mode 2
Event: 5.698 Thread 0x00000000023de800 Uncommon trap: trap_request=0xffffffc6 fr.pc=0x0000000003406660
Event: 5.698 Thread 0x00000000023de800 DEOPT PACKING pc=0x0000000003406660 sp=0x00000000024ee210
Event: 5.698 Thread 0x00000000023de800 DEOPT UNPACKING pc=0x00000000029055af sp=0x00000000024ee1a8 mode 2
Event: 5.704 Thread 0x0000000055115800 flushing nmethod 0x00000000029be490
Event: 5.704 Thread 0x0000000055115800 flushing nmethod 0x00000000029c0a50
Event: 5.722 Thread 0x00000000023de800 Uncommon trap: trap_request=0xffffffad fr.pc=0x000000000325bcfc
Event: 5.722 Thread 0x00000000023de800 DEOPT PACKING pc=0x000000000325bcfc sp=0x00000000024ee6d0
Event: 5.722 Thread 0x00000000023de800 DEOPT UNPACKING pc=0x00000000029055af sp=0x00000000024ee688 mode 2


Dynamic libraries:
0x000000013f870000 - 0x000000013f8a4000 	C:\Program Files\Java\jdk1.8.0_05\bin\java.exe
0x0000000077a60000 - 0x0000000077c09000 	C:\windows\SYSTEM32\ntdll.dll
0x0000000077940000 - 0x0000000077a5f000 	C:\windows\system32\kernel32.dll
0x000007fefdb00000 - 0x000007fefdb6b000 	C:\windows\system32\KERNELBASE.dll
0x000007feff550000 - 0x000007feff62b000 	C:\windows\system32\ADVAPI32.dll
0x000007feff960000 - 0x000007feff9ff000 	C:\windows\system32\msvcrt.dll
0x000007feffcf0000 - 0x000007feffd0f000 	C:\windows\SYSTEM32\sechost.dll
0x000007fefe1b0000 - 0x000007fefe2dd000 	C:\windows\system32\RPCRT4.dll
0x0000000077840000 - 0x000000007793a000 	C:\windows\system32\USER32.dll
0x000007feff340000 - 0x000007feff3a7000 	C:\windows\system32\GDI32.dll
0x000007fefe1a0000 - 0x000007fefe1ae000 	C:\windows\system32\LPK.dll
0x000007feff890000 - 0x000007feff959000 	C:\windows\system32\USP10.dll
0x000007fefc250000 - 0x000007fefc444000 	C:\windows\WinSxS\amd64_microsoft.windows.common-controls_6595b64144ccf1df_6.0.7601.17514_none_fa396087175ac9ac\COMCTL32.dll
0x000007fefe2e0000 - 0x000007fefe351000 	C:\windows\system32\SHLWAPI.dll
0x000007fefd650000 - 0x000007fefd6a7000 	C:\windows\system32\apphelp.dll
0x000007fef2c40000 - 0x000007fef2c91000 	C:\windows\AppPatch\AppPatch64\AcGenral.DLL
0x000007fefd620000 - 0x000007fefd645000 	C:\windows\system32\SspiCli.dll
0x000007fefdf90000 - 0x000007fefe193000 	C:\windows\system32\ole32.dll
0x000007fefe440000 - 0x000007feff1c8000 	C:\windows\system32\SHELL32.dll
0x000000006fef0000 - 0x000000006fef3000 	C:\windows\system32\sfc.dll
0x000007fef88a0000 - 0x000007fef88b0000 	C:\windows\system32\sfc_os.DLL
0x000007fefd850000 - 0x000007fefd86e000 	C:\windows\system32\USERENV.dll
0x000007fefd810000 - 0x000007fefd81f000 	C:\windows\system32\profapi.dll
0x000007fefb9c0000 - 0x000007fefb9d8000 	C:\windows\system32\dwmapi.dll
0x000007fef7130000 - 0x000007fef7148000 	C:\windows\system32\MPR.dll
0x000007feff1d0000 - 0x000007feff1fe000 	C:\windows\system32\IMM32.DLL
0x000007feff440000 - 0x000007feff549000 	C:\windows\system32\MSCTF.dll
0x0000000065cf0000 - 0x0000000065dc2000 	C:\Program Files\Java\jdk1.8.0_05\jre\bin\msvcr100.dll
0x00000000645b0000 - 0x0000000064dda000 	C:\Program Files\Java\jdk1.8.0_05\jre\bin\server\jvm.dll
0x000007fef88b0000 - 0x000007fef88b9000 	C:\windows\system32\WSOCK32.dll
0x000007fefdd60000 - 0x000007fefddad000 	C:\windows\system32\WS2_32.dll
0x000007feff3b0000 - 0x000007feff3b8000 	C:\windows\system32\NSI.dll
0x000007fefaa10000 - 0x000007fefaa4b000 	C:\windows\system32\WINMM.dll
0x0000000077c20000 - 0x0000000077c27000 	C:\windows\system32\PSAPI.DLL
0x000000006ed40000 - 0x000000006ed4f000 	C:\Program Files\Java\jdk1.8.0_05\jre\bin\verify.dll
0x000000006ea10000 - 0x000000006ea38000 	C:\Program Files\Java\jdk1.8.0_05\jre\bin\java.dll
0x000000006ed20000 - 0x000000006ed36000 	C:\Program Files\Java\jdk1.8.0_05\jre\bin\zip.dll
0x000007fee8e50000 - 0x000007fee8f75000 	C:\windows\system32\dbghelp.dll

VM Arguments:
jvm_args: -Djava.awt.headless=true -Xmx1024M -Dfile.encoding=windows-1252 -Duser.country=CN -Duser.language=zh -Duser.variant 
java_command: com.android.dx.command.Main --dex --force-jumbo --num-threads=4 --multi-dex --output D:\Android\android project\Fragment\app\build\intermediates\transforms\dex\debug\folders\1000\10\com.android.support-support-v4-23.3.0_4a30734ad3892407d660fc3e92367d608835644d D:\Android\android project\Fragment\app\build\intermediates\exploded-aar\com.android.support\support-v4\23.3.0\jars\classes.jar
java_class_path (initial): D:\Android\sdk\build-tools\23.0.3\lib\dx.jar
Launcher Type: SUN_STANDARD

Environment Variables:
CLASSPATH=.
PATH=C:\Windows\system32;C:\Windows;C:\Windows\System32\Wbem;C:\Windows\System32\WindowsPowerShell\v1.0\;C:\Program Files\Java\jdk1.8.0_05\bin;C:\Program Files (x86)\QuickTime\QTSystem\
USERNAME=L
OS=Windows_NT
PROCESSOR_IDENTIFIER=Intel64 Family 6 Model 60 Stepping 3, GenuineIntel



---------------  S Y S T E M  ---------------

OS: Windows 7 , 64 bit Build 7601 Service Pack 1

CPU:total 4 (4 cores per cpu, 1 threads per core) family 6 model 60 stepping 3, cmov, cx8, fxsr, mmx, sse, sse2, sse3, ssse3, sse4.1, sse4.2, popcnt, avx, avx2, aes, clmul, erms, tsc, tscinvbit

Memory: 4k page, physical 8329424k(1084592k free), swap 8327560k(5124k free)

vm_info: Java HotSpot(TM) 64-Bit Server VM (25.5-b02) for windows-amd64 JRE (1.8.0_05-b13), built on Mar 18 2014 01:08:39 by "java_re" with MS VC++ 10.0 (VS2010)

time: Tue May 10 00:14:54 2016
elapsed time: 5 seconds

