#
# There is insufficient memory for the Java Runtime Environment to continue.
# Native memory allocation (malloc) failed to allocate 585296 bytes for Chunk::new
# Possible reasons:
#   The system is out of physical RAM or swap space
#   In 32 bit mode, the process size limit was hit
# Possible solutions:
#   Reduce memory load on the system
#   Increase physical memory or swap space
#   Check if swap backing store is full
#   Use 64 bit Java on a 64 bit OS
#   Decrease Java heap size (-Xmx/-Xms)
#   Decrease number of Java threads
#   Decrease Java thread stack sizes (-Xss)
#   Set larger code cache with -XX:ReservedCodeCacheSize=
# This output file may be truncated or incomplete.
#
#  Out of Memory Error (allocation.cpp:388), pid=6524, tid=3856
#
# JRE version: Java(TM) SE Runtime Environment (8.0_05-b13) (build 1.8.0_05-b13)
# Java VM: Java HotSpot(TM) 64-Bit Server VM (25.5-b02 mixed mode windows-amd64 compressed oops)
# Failed to write core dump. Minidumps are not enabled by default on client versions of Windows
#

---------------  T H R E A D  ---------------

Current thread (0x00000000551ff000):  JavaThread "C2 CompilerThread0" daemon [_thread_in_native, id=3856, stack(0x00000000568f0000,0x00000000569f0000)]

Stack: [0x00000000568f0000,0x00000000569f0000]
Native frames: (J=compiled Java code, j=interpreted, Vv=VM code, C=native code)
V  [jvm.dll+0x308dea]


Current CompileTask:
C2:    366  646       4       com.android.dx.ssa.NormalSsaInsn::accept (25 bytes)


---------------  P R O C E S S  ---------------

Java Threads: ( => current thread )
  0x0000000056ec2000 JavaThread "pool-2-thread-4" [_thread_blocked, id=5236, stack(0x0000000057b50000,0x0000000057c50000)]
  0x0000000056e7c000 JavaThread "pool-2-thread-3" [_thread_blocked, id=5536, stack(0x00000000579e0000,0x0000000057ae0000)]
  0x0000000056e78000 JavaThread "pool-2-thread-2" [_thread_blocked, id=6020, stack(0x0000000057770000,0x0000000057870000)]
  0x0000000056d2a000 JavaThread "pool-3-thread-1" [_thread_blocked, id=6792, stack(0x00000000575d0000,0x00000000576d0000)]
  0x0000000056d27800 JavaThread "pool-2-thread-1" [_thread_blocked, id=4492, stack(0x0000000057490000,0x0000000057590000)]
  0x0000000055208800 JavaThread "Service Thread" daemon [_thread_blocked, id=5272, stack(0x00000000571c0000,0x00000000572c0000)]
  0x0000000056bb0800 JavaThread "C1 CompilerThread2" daemon [_thread_in_native, id=4864, stack(0x00000000570a0000,0x00000000571a0000)]
  0x0000000055204800 JavaThread "C2 CompilerThread1" daemon [_thread_in_native, id=2180, stack(0x0000000056ab0000,0x0000000056bb0000)]
=>0x00000000551ff000 JavaThread "C2 CompilerThread0" daemon [_thread_in_native, id=3856, stack(0x00000000568f0000,0x00000000569f0000)]
  0x00000000551fd800 JavaThread "Attach Listener" daemon [_thread_blocked, id=2536, stack(0x0000000056790000,0x0000000056890000)]
  0x000000005520c800 JavaThread "Signal Dispatcher" daemon [_thread_blocked, id=6988, stack(0x0000000056190000,0x0000000056290000)]
  0x000000005519f800 JavaThread "Finalizer" daemon [_thread_blocked, id=484, stack(0x0000000056620000,0x0000000056720000)]
  0x000000005519a000 JavaThread "Reference Handler" daemon [_thread_blocked, id=6356, stack(0x0000000056490000,0x0000000056590000)]
  0x000000000233e800 JavaThread "main" [_thread_blocked, id=1624, stack(0x0000000002360000,0x0000000002460000)]

Other Threads:
  0x0000000055196800 VMThread [stack: 0x00000000562d0000,0x00000000563d0000] [id=4264]
  0x0000000056c46800 WatcherThread [stack: 0x00000000572d0000,0x00000000573d0000] [id=3296]

VM state:at safepoint (normal execution)

VM Mutex/Monitor currently owned by a thread:  ([mutex/lock_event])
[0x000000000233bf60] Threads_lock - owner thread: 0x0000000055196800
[0x000000000233c460] Heap_lock - owner thread: 0x000000000233e800

Heap:
 PSYoungGen      total 5632K, used 5309K [0x00000000eab00000, 0x00000000eb200000, 0x0000000100000000)
  eden space 4096K, 100% used [0x00000000eab00000,0x00000000eaf00000,0x00000000eaf00000)
  from space 1536K, 79% used [0x00000000eb080000,0x00000000eb1af7c8,0x00000000eb200000)
  to   space 1536K, 94% used [0x00000000eaf00000,0x00000000eb06bf40,0x00000000eb080000)
 ParOldGen       total 129536K, used 1720K [0x00000000c0000000, 0x00000000c7e80000, 0x00000000eab00000)
  object space 129536K, 1% used [0x00000000c0000000,0x00000000c01ae018,0x00000000c7e80000)
 Metaspace       used 5396K, capacity 6512K, committed 6784K, reserved 1056768K
  class space    used 578K, capacity 616K, committed 640K, reserved 1048576K

Card table byte_map: [0x0000000011c40000,0x0000000011e50000] byte_map_base: 0x0000000011640000

Marking Bits: (ParMarkBitMap*) 0x0000000064d613b0
 Begin Bits: [0x0000000012610000, 0x0000000013610000)
 End Bits:   [0x0000000013610000, 0x0000000014610000)

Polling page: 0x0000000000550000

CodeCache: size=245760Kb used=2705Kb max_used=2705Kb free=243054Kb
 bounds [0x0000000002880000, 0x0000000002b30000, 0x0000000011880000]
 total_blobs=916 nmethods=653 adapters=177
 compilation: enabled

Compilation events (10 events):
Event: 0.360 Thread 0x0000000056bb0800 nmethod 639 0x0000000002b24390 code [0x0000000002b244e0, 0x0000000002b245f0]
Event: 0.360 Thread 0x0000000056bb0800  637       1       com.android.dx.dex.code.LocalSnapshot::getLocals (5 bytes)
Event: 0.360 Thread 0x0000000056bb0800 nmethod 637 0x0000000002b24650 code [0x0000000002b247a0, 0x0000000002b248b0]
Event: 0.360 Thread 0x0000000056bb0800  613       1       com.android.dx.rop.cst.CstLiteral32::getIntBits (5 bytes)
Event: 0.360 Thread 0x0000000056bb0800 nmethod 613 0x0000000002b24910 code [0x0000000002b24a60, 0x0000000002b24b70]
Event: 0.360 Thread 0x0000000056bb0800  655       1       com.android.dx.cf.iface.StdMember::getDefiningClass (5 bytes)
Event: 0.360 Thread 0x0000000056bb0800 nmethod 655 0x0000000002b24bd0 code [0x0000000002b24d20, 0x0000000002b24e30]
Event: 0.360 Thread 0x0000000056bb0800  656       3       com.android.dx.cf.code.Ropper::getAvailableLabel (54 bytes)
Event: 0.360 Thread 0x0000000056bb0800 nmethod 656 0x0000000002b24e90 code [0x0000000002b25060, 0x0000000002b259c8]
Event: 0.360 Thread 0x0000000056bb0800  657   !   3       com.android.dx.cf.code.Ropper::processBlock (1101 bytes)

GC Heap History (10 events):
Event: 0.082 GC heap before
{Heap before GC invocations=2 (full 0):
 PSYoungGen      total 1024K, used 948K [0x00000000eab00000, 0x00000000ead00000, 0x0000000100000000)
  eden space 512K, 97% used [0x00000000eab00000,0x00000000eab7d0a0,0x00000000eab80000)
  from space 512K, 87% used [0x00000000eab80000,0x00000000eabf0020,0x00000000eac00000)
  to   space 512K, 0% used [0x00000000eac80000,0x00000000eac80000,0x00000000ead00000)
 ParOldGen       total 129536K, used 8K [0x00000000c0000000, 0x00000000c7e80000, 0x00000000eab00000)
  object space 129536K, 0% used [0x00000000c0000000,0x00000000c0002000,0x00000000c7e80000)
 Metaspace       used 2921K, capacity 4656K, committed 4864K, reserved 1056768K
  class space    used 319K, capacity 424K, committed 512K, reserved 1048576K
Event: 0.083 GC heap after
Heap after GC invocations=2 (full 0):
 PSYoungGen      total 1536K, used 480K [0x00000000eab00000, 0x00000000ead00000, 0x0000000100000000)
  eden space 1024K, 0% used [0x00000000eab00000,0x00000000eab00000,0x00000000eac00000)
  from space 512K, 93% used [0x00000000eac80000,0x00000000eacf8020,0x00000000ead00000)
  to   space 512K, 0% used [0x00000000eac00000,0x00000000eac00000,0x00000000eac80000)
 ParOldGen       total 129536K, used 109K [0x00000000c0000000, 0x00000000c7e80000, 0x00000000eab00000)
  object space 129536K, 0% used [0x00000000c0000000,0x00000000c001b6b8,0x00000000c7e80000)
 Metaspace       used 2921K, capacity 4656K, committed 4864K, reserved 1056768K
  class space    used 319K, capacity 424K, committed 512K, reserved 1048576K
}
Event: 0.120 GC heap before
{Heap before GC invocations=3 (full 0):
 PSYoungGen      total 1536K, used 1502K [0x00000000eab00000, 0x00000000ead00000, 0x0000000100000000)
  eden space 1024K, 99% used [0x00000000eab00000,0x00000000eabff898,0x00000000eac00000)
  from space 512K, 93% used [0x00000000eac80000,0x00000000eacf8020,0x00000000ead00000)
  to   space 512K, 0% used [0x00000000eac00000,0x00000000eac00000,0x00000000eac80000)
 ParOldGen       total 129536K, used 109K [0x00000000c0000000, 0x00000000c7e80000, 0x00000000eab00000)
  object space 129536K, 0% used [0x00000000c0000000,0x00000000c001b6b8,0x00000000c7e80000)
 Metaspace       used 3527K, capacity 4880K, committed 5120K, reserved 1056768K
  class space    used 395K, capacity 456K, committed 512K, reserved 1048576K
Event: 0.121 GC heap after
Heap after GC invocations=3 (full 0):
 PSYoungGen      total 1536K, used 512K [0x00000000eab00000, 0x00000000eae00000, 0x0000000100000000)
  eden space 1024K, 0% used [0x00000000eab00000,0x00000000eab00000,0x00000000eac00000)
  from space 512K, 100% used [0x00000000eac00000,0x00000000eac80000,0x00000000eac80000)
  to   space 512K, 0% used [0x00000000ead80000,0x00000000ead80000,0x00000000eae00000)
 ParOldGen       total 129536K, used 409K [0x00000000c0000000, 0x00000000c7e80000, 0x00000000eab00000)
  object space 129536K, 0% used [0x00000000c0000000,0x00000000c0066560,0x00000000c7e80000)
 Metaspace       used 3527K, capacity 4880K, committed 5120K, reserved 1056768K
  class space    used 395K, capacity 456K, committed 512K, reserved 1048576K
}
Event: 0.144 GC heap before
{Heap before GC invocations=4 (full 0):
 PSYoungGen      total 1536K, used 1536K [0x00000000eab00000, 0x00000000eae00000, 0x0000000100000000)
  eden space 1024K, 100% used [0x00000000eab00000,0x00000000eac00000,0x00000000eac00000)
  from space 512K, 100% used [0x00000000eac00000,0x00000000eac80000,0x00000000eac80000)
  to   space 512K, 0% used [0x00000000ead80000,0x00000000ead80000,0x00000000eae00000)
 ParOldGen       total 129536K, used 409K [0x00000000c0000000, 0x00000000c7e80000, 0x00000000eab00000)
  object space 129536K, 0% used [0x00000000c0000000,0x00000000c0066560,0x00000000c7e80000)
 Metaspace       used 3830K, capacity 5168K, committed 5376K, reserved 1056768K
  class space    used 431K, capacity 488K, committed 512K, reserved 1048576K
Event: 0.148 GC heap after
Heap after GC invocations=4 (full 0):
 PSYoungGen      total 2560K, used 496K [0x00000000eab00000, 0x00000000eae00000, 0x0000000100000000)
  eden space 2048K, 0% used [0x00000000eab00000,0x00000000eab00000,0x00000000ead00000)
  from space 512K, 96% used [0x00000000ead80000,0x00000000eadfc010,0x00000000eae00000)
  to   space 512K, 0% used [0x00000000ead00000,0x00000000ead00000,0x00000000ead80000)
 ParOldGen       total 129536K, used 761K [0x00000000c0000000, 0x00000000c7e80000, 0x00000000eab00000)
  object space 129536K, 0% used [0x00000000c0000000,0x00000000c00be6e8,0x00000000c7e80000)
 Metaspace       used 3830K, capacity 5168K, committed 5376K, reserved 1056768K
  class space    used 431K, capacity 488K, committed 512K, reserved 1048576K
}
Event: 0.203 GC heap before
{Heap before GC invocations=5 (full 0):
 PSYoungGen      total 2560K, used 2515K [0x00000000eab00000, 0x00000000eae00000, 0x0000000100000000)
  eden space 2048K, 98% used [0x00000000eab00000,0x00000000eacf8c88,0x00000000ead00000)
  from space 512K, 96% used [0x00000000ead80000,0x00000000eadfc010,0x00000000eae00000)
  to   space 512K, 0% used [0x00000000ead00000,0x00000000ead00000,0x00000000ead80000)
 ParOldGen       total 129536K, used 761K [0x00000000c0000000, 0x00000000c7e80000, 0x00000000eab00000)
  object space 129536K, 0% used [0x00000000c0000000,0x00000000c00be6e8,0x00000000c7e80000)
 Metaspace       used 4201K, capacity 5520K, committed 5760K, reserved 1056768K
  class space    used 470K, capacity 520K, committed 640K, reserved 1048576K
Event: 0.228 GC heap after
Heap after GC invocations=5 (full 0):
 PSYoungGen      total 2560K, used 509K [0x00000000eab00000, 0x00000000eb200000, 0x0000000100000000)
  eden space 2048K, 0% used [0x00000000eab00000,0x00000000eab00000,0x00000000ead00000)
  from space 512K, 99% used [0x00000000ead00000,0x00000000ead7f4d8,0x00000000ead80000)
  to   space 1536K, 0% used [0x00000000eb080000,0x00000000eb080000,0x00000000eb200000)
 ParOldGen       total 129536K, used 1599K [0x00000000c0000000, 0x00000000c7e80000, 0x00000000eab00000)
  object space 129536K, 1% used [0x00000000c0000000,0x00000000c018ffc8,0x00000000c7e80000)
 Metaspace       used 4201K, capacity 5520K, committed 5760K, reserved 1056768K
  class space    used 470K, capacity 520K, committed 640K, reserved 1048576K
}
Event: 0.266 GC heap before
{Heap before GC invocations=6 (full 0):
 PSYoungGen      total 2560K, used 2557K [0x00000000eab00000, 0x00000000eb200000, 0x0000000100000000)
  eden space 2048K, 100% used [0x00000000eab00000,0x00000000ead00000,0x00000000ead00000)
  from space 512K, 99% used [0x00000000ead00000,0x00000000ead7f4d8,0x00000000ead80000)
  to   space 1536K, 0% used [0x00000000eb080000,0x00000000eb080000,0x00000000eb200000)
 ParOldGen       total 129536K, used 1599K [0x00000000c0000000, 0x00000000c7e80000, 0x00000000eab00000)
  object space 129536K, 1% used [0x00000000c0000000,0x00000000c018ffc8,0x00000000c7e80000)
 Metaspace       used 4790K, capacity 6000K, committed 6272K, reserved 1056768K
  class space    used 532K, capacity 552K, committed 640K, reserved 1048576K
Event: 0.278 GC heap after
Heap after GC invocations=6 (full 0):
 PSYoungGen      total 5632K, used 1213K [0x00000000eab00000, 0x00000000eb200000, 0x0000000100000000)
  eden space 4096K, 0% used [0x00000000eab00000,0x00000000eab00000,0x00000000eaf00000)
  from space 1536K, 79% used [0x00000000eb080000,0x00000000eb1af7c8,0x00000000eb200000)
  to   space 1536K, 0% used [0x00000000eaf00000,0x00000000eaf00000,0x00000000eb080000)
 ParOldGen       total 129536K, used 1607K [0x00000000c0000000, 0x00000000c7e80000, 0x00000000eab00000)
  object space 129536K, 1% used [0x00000000c0000000,0x00000000c0191fc8,0x00000000c7e80000)
 Metaspace       used 4790K, capacity 6000K, committed 6272K, reserved 1056768K
  class space    used 532K, capacity 552K, committed 640K, reserved 1048576K
}

Deoptimization events (0 events):
No events

Internal exceptions (10 events):
Event: 0.321 Thread 0x0000000056e7c000 Exception <a 'java/security/PrivilegedActionException'> (0x00000000eaca8100) thrown at [D:\re\workspace\8-2-build-windows-amd64-cygwin\jdk8u5\2488\hotspot\src\share\vm\prims\jvm.cpp, line 1248]
Event: 0.322 Thread 0x0000000056e7c000 Exception <a 'java/security/PrivilegedActionException'> (0x00000000eacaba60) thrown at [D:\re\workspace\8-2-build-windows-amd64-cygwin\jdk8u5\2488\hotspot\src\share\vm\prims\jvm.cpp, line 1248]
Event: 0.322 Thread 0x0000000056e7c000 Exception <a 'java/security/PrivilegedActionException'> (0x00000000eacb25d8) thrown at [D:\re\workspace\8-2-build-windows-amd64-cygwin\jdk8u5\2488\hotspot\src\share\vm\prims\jvm.cpp, line 1248]
Event: 0.323 Thread 0x0000000056e7c000 Exception <a 'java/security/PrivilegedActionException'> (0x00000000eacb7de0) thrown at [D:\re\workspace\8-2-build-windows-amd64-cygwin\jdk8u5\2488\hotspot\src\share\vm\prims\jvm.cpp, line 1248]
Event: 0.323 Thread 0x0000000056e7c000 Exception <a 'java/security/PrivilegedActionException'> (0x00000000eacbaa30) thrown at [D:\re\workspace\8-2-build-windows-amd64-cygwin\jdk8u5\2488\hotspot\src\share\vm\prims\jvm.cpp, line 1248]
Event: 0.324 Thread 0x0000000056e7c000 Exception <a 'java/security/PrivilegedActionException'> (0x00000000eacc5b60) thrown at [D:\re\workspace\8-2-build-windows-amd64-cygwin\jdk8u5\2488\hotspot\src\share\vm\prims\jvm.cpp, line 1248]
Event: 0.324 Thread 0x0000000056e7c000 Exception <a 'java/security/PrivilegedActionException'> (0x00000000eacc8910) thrown at [D:\re\workspace\8-2-build-windows-amd64-cygwin\jdk8u5\2488\hotspot\src\share\vm\prims\jvm.cpp, line 1248]
Event: 0.325 Thread 0x0000000056e7c000 Exception <a 'java/security/PrivilegedActionException'> (0x00000000eacd4608) thrown at [D:\re\workspace\8-2-build-windows-amd64-cygwin\jdk8u5\2488\hotspot\src\share\vm\prims\jvm.cpp, line 1248]
Event: 0.339 Thread 0x0000000056e7c000 Exception <a 'java/security/PrivilegedActionException'> (0x00000000ead3b5d8) thrown at [D:\re\workspace\8-2-build-windows-amd64-cygwin\jdk8u5\2488\hotspot\src\share\vm\prims\jvm.cpp, line 1248]
Event: 0.362 Thread 0x0000000056e7c000 Exception <a 'java/security/PrivilegedActionException'> (0x00000000eaef5688) thrown at [D:\re\workspace\8-2-build-windows-amd64-cygwin\jdk8u5\2488\hotspot\src\share\vm\prims\jvm.cpp, line 1248]

Events (10 events):
Event: 0.324 loading class com/android/dx/dex/file/MethodIdItem done
Event: 0.325 loading class com/android/dx/cf/code/SwitchList
Event: 0.325 loading class com/android/dx/cf/code/SwitchList done
Event: 0.339 loading class com/android/dx/ssa/back/FirstFitLocalCombiningAllocator$Multiset
Event: 0.339 loading class com/android/dx/ssa/back/FirstFitLocalCombiningAllocator$Multiset done
Event: 0.340 loading class java/util/DualPivotQuicksort
Event: 0.340 loading class java/util/DualPivotQuicksort done
Event: 0.362 loading class com/android/dx/rop/cst/CstArray$List
Event: 0.362 loading class com/android/dx/rop/cst/CstArray$List done
Event: 0.363 Executing VM operation: ParallelGCFailedAllocation


Dynamic libraries:
0x000000013f870000 - 0x000000013f8a4000 	C:\Program Files\Java\jdk1.8.0_05\bin\java.exe
0x0000000077a60000 - 0x0000000077c09000 	C:\windows\SYSTEM32\ntdll.dll
0x0000000077940000 - 0x0000000077a5f000 	C:\windows\system32\kernel32.dll
0x000007fefdb00000 - 0x000007fefdb6b000 	C:\windows\system32\KERNELBASE.dll
0x000007feff550000 - 0x000007feff62b000 	C:\windows\system32\ADVAPI32.dll
0x000007feff960000 - 0x000007feff9ff000 	C:\windows\system32\msvcrt.dll
0x000007feffcf0000 - 0x000007feffd0f000 	C:\windows\SYSTEM32\sechost.dll
0x000007fefe1b0000 - 0x000007fefe2dd000 	C:\windows\system32\RPCRT4.dll
0x0000000077840000 - 0x000000007793a000 	C:\windows\system32\USER32.dll
0x000007feff340000 - 0x000007feff3a7000 	C:\windows\system32\GDI32.dll
0x000007fefe1a0000 - 0x000007fefe1ae000 	C:\windows\system32\LPK.dll
0x000007feff890000 - 0x000007feff959000 	C:\windows\system32\USP10.dll
0x000007fefc250000 - 0x000007fefc444000 	C:\windows\WinSxS\amd64_microsoft.windows.common-controls_6595b64144ccf1df_6.0.7601.17514_none_fa396087175ac9ac\COMCTL32.dll
0x000007fefe2e0000 - 0x000007fefe351000 	C:\windows\system32\SHLWAPI.dll
0x000007fefd650000 - 0x000007fefd6a7000 	C:\windows\system32\apphelp.dll
0x000007fef2c40000 - 0x000007fef2c91000 	C:\windows\AppPatch\AppPatch64\AcGenral.DLL
0x000007fefd620000 - 0x000007fefd645000 	C:\windows\system32\SspiCli.dll
0x000007fefdf90000 - 0x000007fefe193000 	C:\windows\system32\ole32.dll
0x000007fefe440000 - 0x000007feff1c8000 	C:\windows\system32\SHELL32.dll
0x000000006fef0000 - 0x000000006fef3000 	C:\windows\system32\sfc.dll
0x000007fef88a0000 - 0x000007fef88b0000 	C:\windows\system32\sfc_os.DLL
0x000007fefd850000 - 0x000007fefd86e000 	C:\windows\system32\USERENV.dll
0x000007fefd810000 - 0x000007fefd81f000 	C:\windows\system32\profapi.dll
0x000007fefb9c0000 - 0x000007fefb9d8000 	C:\windows\system32\dwmapi.dll
0x000007fef7130000 - 0x000007fef7148000 	C:\windows\system32\MPR.dll
0x000007feff1d0000 - 0x000007feff1fe000 	C:\windows\system32\IMM32.DLL
0x000007feff440000 - 0x000007feff549000 	C:\windows\system32\MSCTF.dll
0x0000000065cf0000 - 0x0000000065dc2000 	C:\Program Files\Java\jdk1.8.0_05\jre\bin\msvcr100.dll
0x00000000645b0000 - 0x0000000064dda000 	C:\Program Files\Java\jdk1.8.0_05\jre\bin\server\jvm.dll
0x000007fef88b0000 - 0x000007fef88b9000 	C:\windows\system32\WSOCK32.dll
0x000007fefdd60000 - 0x000007fefddad000 	C:\windows\system32\WS2_32.dll
0x000007feff3b0000 - 0x000007feff3b8000 	C:\windows\system32\NSI.dll
0x000007fefaa10000 - 0x000007fefaa4b000 	C:\windows\system32\WINMM.dll
0x0000000077c20000 - 0x0000000077c27000 	C:\windows\system32\PSAPI.DLL
0x000000006ed40000 - 0x000000006ed4f000 	C:\Program Files\Java\jdk1.8.0_05\jre\bin\verify.dll
0x000000006ea10000 - 0x000000006ea38000 	C:\Program Files\Java\jdk1.8.0_05\jre\bin\java.dll
0x000000006ed20000 - 0x000000006ed36000 	C:\Program Files\Java\jdk1.8.0_05\jre\bin\zip.dll

VM Arguments:
jvm_args: -Djava.awt.headless=true -Xmx1024M -Dfile.encoding=windows-1252 -Duser.country=CN -Duser.language=zh -Duser.variant 
java_command: com.android.dx.command.Main --dex --force-jumbo --num-threads=4 --multi-dex --output D:\Android\android project\Fragment\app\build\intermediates\transforms\dex\debug\folders\1000\5\slice_9 D:\Android\android project\Fragment\app\build\intermediates\transforms\instantRunSlicer\debug\folders\1\5\slice_9
java_class_path (initial): D:\Android\sdk\build-tools\23.0.3\lib\dx.jar
Launcher Type: SUN_STANDARD

Environment Variables:
CLASSPATH=.
PATH=C:\Windows\system32;C:\Windows;C:\Windows\System32\Wbem;C:\Windows\System32\WindowsPowerShell\v1.0\;C:\Program Files\Java\jdk1.8.0_05\bin;C:\Program Files (x86)\QuickTime\QTSystem\
USERNAME=L
OS=Windows_NT
PROCESSOR_IDENTIFIER=Intel64 Family 6 Model 60 Stepping 3, GenuineIntel



---------------  S Y S T E M  ---------------

OS: Windows 7 , 64 bit Build 7601 Service Pack 1

CPU:total 4 (4 cores per cpu, 1 threads per core) family 6 model 60 stepping 3, cmov, cx8, fxsr, mmx, sse, sse2, sse3, ssse3, sse4.1, sse4.2, popcnt, avx, avx2, aes, clmul, erms, tsc, tscinvbit

Memory: 4k page, physical 8329424k(1093132k free), swap 8327560k(5112k free)

vm_info: Java HotSpot(TM) 64-Bit Server VM (25.5-b02) for windows-amd64 JRE (1.8.0_05-b13), built on Mar 18 2014 01:08:39 by "java_re" with MS VC++ 10.0 (VS2010)

time: Tue May 10 00:14:11 2016
elapsed time: 0 seconds

