#
# There is insufficient memory for the Java Runtime Environment to continue.
# Native memory allocation (malloc) failed to allocate 32744 bytes for ChunkPool::allocate
# Possible reasons:
#   The system is out of physical RAM or swap space
#   In 32 bit mode, the process size limit was hit
# Possible solutions:
#   Reduce memory load on the system
#   Increase physical memory or swap space
#   Check if swap backing store is full
#   Use 64 bit Java on a 64 bit OS
#   Decrease Java heap size (-Xmx/-Xms)
#   Decrease number of Java threads
#   Decrease Java thread stack sizes (-Xss)
#   Set larger code cache with -XX:ReservedCodeCacheSize=
# This output file may be truncated or incomplete.
#
#  Out of Memory Error (allocation.cpp:271), pid=2036, tid=3932
#
# JRE version: Java(TM) SE Runtime Environment (8.0_05-b13) (build 1.8.0_05-b13)
# Java VM: Java HotSpot(TM) 64-Bit Server VM (25.5-b02 mixed mode windows-amd64 compressed oops)
# Failed to write core dump. Minidumps are not enabled by default on client versions of Windows
#

---------------  T H R E A D  ---------------

Current thread (0x000000005696e000):  JavaThread "C1 CompilerThread2" daemon [_thread_in_native, id=3932, stack(0x0000000057080000,0x0000000057180000)]

Stack: [0x0000000057080000,0x0000000057180000]
Native frames: (J=compiled Java code, j=interpreted, Vv=VM code, C=native code)
V  [jvm.dll+0x308dea]


Current CompileTask:
C1:    215  154   !   3       com.android.dx.cf.cst.ConstantPoolParser::parse0 (731 bytes)


---------------  P R O C E S S  ---------------

Java Threads: ( => current thread )
  0x0000000056a82000 JavaThread "pool-3-thread-1" [_thread_blocked, id=6440, stack(0x0000000057610000,0x0000000057710000)]
  0x0000000056a81000 JavaThread "pool-2-thread-1" [_thread_in_Java, id=5532, stack(0x0000000057350000,0x0000000057450000)]
  0x0000000056972800 JavaThread "Service Thread" daemon [_thread_blocked, id=5756, stack(0x0000000057220000,0x0000000057320000)]
=>0x000000005696e000 JavaThread "C1 CompilerThread2" daemon [_thread_in_native, id=3932, stack(0x0000000057080000,0x0000000057180000)]
  0x000000005696c800 JavaThread "C2 CompilerThread1" daemon [_thread_blocked, id=5800, stack(0x0000000056d90000,0x0000000056e90000)]
  0x000000005509e800 JavaThread "C2 CompilerThread0" daemon [_thread_blocked, id=6756, stack(0x0000000056820000,0x0000000056920000)]
  0x00000000550ae800 JavaThread "Attach Listener" daemon [_thread_blocked, id=5108, stack(0x0000000056670000,0x0000000056770000)]
  0x00000000550ab800 JavaThread "Signal Dispatcher" daemon [_thread_blocked, id=6852, stack(0x00000000564c0000,0x00000000565c0000)]
  0x0000000055044000 JavaThread "Finalizer" daemon [_thread_blocked, id=5384, stack(0x00000000560d0000,0x00000000561d0000)]
  0x0000000055039000 JavaThread "Reference Handler" daemon [_thread_blocked, id=4712, stack(0x00000000563a0000,0x00000000564a0000)]
  0x000000000010e800 JavaThread "main" [_thread_blocked, id=5584, stack(0x0000000002410000,0x0000000002510000)]

Other Threads:
  0x0000000055035800 VMThread [stack: 0x0000000056270000,0x0000000056370000] [id=7160]
  0x0000000056976000 WatcherThread [stack: 0x0000000056f40000,0x0000000057040000] [id=4260]

VM state:not at safepoint (normal execution)

VM Mutex/Monitor currently owned by a thread: None

Heap:
 PSYoungGen      total 1536K, used 1327K [0x00000000eab00000, 0x00000000ead00000, 0x0000000100000000)
  eden space 1024K, 81% used [0x00000000eab00000,0x00000000eabcfe20,0x00000000eac00000)
  from space 512K, 96% used [0x00000000eac00000,0x00000000eac7c010,0x00000000eac80000)
  to   space 512K, 0% used [0x00000000eac80000,0x00000000eac80000,0x00000000ead00000)
 ParOldGen       total 129536K, used 403K [0x00000000c0000000, 0x00000000c7e80000, 0x00000000eab00000)
  object space 129536K, 0% used [0x00000000c0000000,0x00000000c0064ec8,0x00000000c7e80000)
 Metaspace       used 3764K, capacity 5072K, committed 5376K, reserved 1056768K
  class space    used 423K, capacity 456K, committed 512K, reserved 1048576K

Card table byte_map: [0x0000000011c20000,0x0000000011e30000] byte_map_base: 0x0000000011620000

Marking Bits: (ParMarkBitMap*) 0x0000000064d613b0
 Begin Bits: [0x00000000124b0000, 0x00000000134b0000)
 End Bits:   [0x00000000134b0000, 0x00000000144b0000)

Polling page: 0x0000000000150000

CodeCache: size=245760Kb used=1350Kb max_used=1361Kb free=244409Kb
 bounds [0x0000000002860000, 0x0000000002ad0000, 0x0000000011860000]
 total_blobs=404 nmethods=155 adapters=163
 compilation: enabled

Compilation events (10 events):
Event: 0.212 Thread 0x000000005696e000 nmethod 150 0x00000000029acb90 code [0x00000000029ace00, 0x00000000029addb8]
Event: 0.212 Thread 0x000000005696e000  151       3       java.util.BitSet::checkInvariants (111 bytes)
Event: 0.212 Thread 0x000000005696e000 nmethod 151 0x00000000029ae550 code [0x00000000029ae6a0, 0x00000000029ae810]
Event: 0.212 Thread 0x000000005696e000  152       3       com.android.dx.util.ByteArray::getUnsignedShort (25 bytes)
Event: 0.212 Thread 0x000000005696e000 nmethod 152 0x00000000029ae890 code [0x00000000029aea00, 0x00000000029aecc8]
Event: 0.212 Thread 0x000000005696e000  153   !   3       com.android.dx.rop.cst.StdConstantPool::getOrNull (13 bytes)
Event: 0.213 Thread 0x000000005696e000 nmethod 153 0x00000000029aee90 code [0x00000000029af080, 0x00000000029af908]
Event: 0.213 Thread 0x000000005696e000  157       3       java.util.HashMap::putVal (300 bytes)
Event: 0.213 Thread 0x000000005696e000 nmethod 157 0x00000000029afe50 code [0x00000000029b00c0, 0x00000000029b1338]
Event: 0.213 Thread 0x000000005696e000  154   !   3       com.android.dx.cf.cst.ConstantPoolParser::parse0 (731 bytes)

GC Heap History (6 events):
Event: 0.093 GC heap before
{Heap before GC invocations=1 (full 0):
 PSYoungGen      total 1024K, used 512K [0x00000000eab00000, 0x00000000eac80000, 0x0000000100000000)
  eden space 512K, 100% used [0x00000000eab00000,0x00000000eab80000,0x00000000eab80000)
  from space 512K, 0% used [0x00000000eac00000,0x00000000eac00000,0x00000000eac80000)
  to   space 512K, 0% used [0x00000000eab80000,0x00000000eab80000,0x00000000eac00000)
 ParOldGen       total 129536K, used 0K [0x00000000c0000000, 0x00000000c7e80000, 0x00000000eab00000)
  object space 129536K, 0% used [0x00000000c0000000,0x00000000c0000000,0x00000000c7e80000)
 Metaspace       used 2520K, capacity 4480K, committed 4480K, reserved 1056768K
  class space    used 273K, capacity 384K, committed 384K, reserved 1048576K
Event: 0.110 GC heap after
Heap after GC invocations=1 (full 0):
 PSYoungGen      total 1024K, used 432K [0x00000000eab00000, 0x00000000ead00000, 0x0000000100000000)
  eden space 512K, 0% used [0x00000000eab00000,0x00000000eab00000,0x00000000eab80000)
  from space 512K, 84% used [0x00000000eab80000,0x00000000eabec010,0x00000000eac00000)
  to   space 512K, 0% used [0x00000000eac80000,0x00000000eac80000,0x00000000ead00000)
 ParOldGen       total 129536K, used 0K [0x00000000c0000000, 0x00000000c7e80000, 0x00000000eab00000)
  object space 129536K, 0% used [0x00000000c0000000,0x00000000c0000000,0x00000000c7e80000)
 Metaspace       used 2520K, capacity 4480K, committed 4480K, reserved 1056768K
  class space    used 273K, capacity 384K, committed 384K, reserved 1048576K
}
Event: 0.127 GC heap before
{Heap before GC invocations=2 (full 0):
 PSYoungGen      total 1024K, used 932K [0x00000000eab00000, 0x00000000ead00000, 0x0000000100000000)
  eden space 512K, 97% used [0x00000000eab00000,0x00000000eab7d0d0,0x00000000eab80000)
  from space 512K, 84% used [0x00000000eab80000,0x00000000eabec010,0x00000000eac00000)
  to   space 512K, 0% used [0x00000000eac80000,0x00000000eac80000,0x00000000ead00000)
 ParOldGen       total 129536K, used 0K [0x00000000c0000000, 0x00000000c7e80000, 0x00000000eab00000)
  object space 129536K, 0% used [0x00000000c0000000,0x00000000c0000000,0x00000000c7e80000)
 Metaspace       used 2916K, capacity 4656K, committed 4864K, reserved 1056768K
  class space    used 319K, capacity 424K, committed 512K, reserved 1048576K
Event: 0.137 GC heap after
Heap after GC invocations=2 (full 0):
 PSYoungGen      total 1536K, used 512K [0x00000000eab00000, 0x00000000ead00000, 0x0000000100000000)
  eden space 1024K, 0% used [0x00000000eab00000,0x00000000eab00000,0x00000000eac00000)
  from space 512K, 100% used [0x00000000eac80000,0x00000000ead00000,0x00000000ead00000)
  to   space 512K, 0% used [0x00000000eac00000,0x00000000eac00000,0x00000000eac80000)
 ParOldGen       total 129536K, used 109K [0x00000000c0000000, 0x00000000c7e80000, 0x00000000eab00000)
  object space 129536K, 0% used [0x00000000c0000000,0x00000000c001b6b8,0x00000000c7e80000)
 Metaspace       used 2916K, capacity 4656K, committed 4864K, reserved 1056768K
  class space    used 319K, capacity 424K, committed 512K, reserved 1048576K
}
Event: 0.180 GC heap before
{Heap before GC invocations=3 (full 0):
 PSYoungGen      total 1536K, used 1533K [0x00000000eab00000, 0x00000000ead00000, 0x0000000100000000)
  eden space 1024K, 99% used [0x00000000eab00000,0x00000000eabff7d8,0x00000000eac00000)
  from space 512K, 100% used [0x00000000eac80000,0x00000000ead00000,0x00000000ead00000)
  to   space 512K, 0% used [0x00000000eac00000,0x00000000eac00000,0x00000000eac80000)
 ParOldGen       total 129536K, used 109K [0x00000000c0000000, 0x00000000c7e80000, 0x00000000eab00000)
  object space 129536K, 0% used [0x00000000c0000000,0x00000000c001b6b8,0x00000000c7e80000)
 Metaspace       used 3525K, capacity 4880K, committed 5120K, reserved 1056768K
  class space    used 395K, capacity 456K, committed 512K, reserved 1048576K
Event: 0.193 GC heap after
Heap after GC invocations=3 (full 0):
 PSYoungGen      total 1536K, used 496K [0x00000000eab00000, 0x00000000ead00000, 0x0000000100000000)
  eden space 1024K, 0% used [0x00000000eab00000,0x00000000eab00000,0x00000000eac00000)
  from space 512K, 96% used [0x00000000eac00000,0x00000000eac7c010,0x00000000eac80000)
  to   space 512K, 0% used [0x00000000eac80000,0x00000000eac80000,0x00000000ead00000)
 ParOldGen       total 129536K, used 403K [0x00000000c0000000, 0x00000000c7e80000, 0x00000000eab00000)
  object space 129536K, 0% used [0x00000000c0000000,0x00000000c0064ec8,0x00000000c7e80000)
 Metaspace       used 3525K, capacity 4880K, committed 5120K, reserved 1056768K
  class space    used 395K, capacity 456K, committed 512K, reserved 1048576K
}

Deoptimization events (0 events):
No events

Internal exceptions (10 events):
Event: 0.212 Thread 0x000000000010e800 Exception <a 'java/security/PrivilegedActionException'> (0x00000000eab467b8) thrown at [D:\re\workspace\8-2-build-windows-amd64-cygwin\jdk8u5\2488\hotspot\src\share\vm\prims\jvm.cpp, line 1248]
Event: 0.212 Thread 0x0000000056a81000 Exception <a 'java/security/PrivilegedActionException'> (0x00000000eab67cb8) thrown at [D:\re\workspace\8-2-build-windows-amd64-cygwin\jdk8u5\2488\hotspot\src\share\vm\prims\jvm.cpp, line 1248]
Event: 0.212 Thread 0x0000000056a81000 Exception <a 'java/security/PrivilegedActionException'> (0x00000000eab70a00) thrown at [D:\re\workspace\8-2-build-windows-amd64-cygwin\jdk8u5\2488\hotspot\src\share\vm\prims\jvm.cpp, line 1248]
Event: 0.212 Thread 0x0000000056a81000 Exception <a 'java/security/PrivilegedActionException'> (0x00000000eab7f388) thrown at [D:\re\workspace\8-2-build-windows-amd64-cygwin\jdk8u5\2488\hotspot\src\share\vm\prims\jvm.cpp, line 1248]
Event: 0.213 Thread 0x0000000056a81000 Exception <a 'java/security/PrivilegedActionException'> (0x00000000eab87fc0) thrown at [D:\re\workspace\8-2-build-windows-amd64-cygwin\jdk8u5\2488\hotspot\src\share\vm\prims\jvm.cpp, line 1248]
Event: 0.213 Thread 0x0000000056a81000 Exception <a 'java/security/PrivilegedActionException'> (0x00000000eab90560) thrown at [D:\re\workspace\8-2-build-windows-amd64-cygwin\jdk8u5\2488\hotspot\src\share\vm\prims\jvm.cpp, line 1248]
Event: 0.213 Thread 0x0000000056a81000 Exception <a 'java/security/PrivilegedActionException'> (0x00000000eab948f8) thrown at [D:\re\workspace\8-2-build-windows-amd64-cygwin\jdk8u5\2488\hotspot\src\share\vm\prims\jvm.cpp, line 1248]
Event: 0.213 Thread 0x0000000056a81000 Exception <a 'java/security/PrivilegedActionException'> (0x00000000eab967d8) thrown at [D:\re\workspace\8-2-build-windows-amd64-cygwin\jdk8u5\2488\hotspot\src\share\vm\prims\jvm.cpp, line 1248]
Event: 0.214 Thread 0x0000000056a81000 Exception <a 'java/security/PrivilegedActionException'> (0x00000000eaba6f68) thrown at [D:\re\workspace\8-2-build-windows-amd64-cygwin\jdk8u5\2488\hotspot\src\share\vm\prims\jvm.cpp, line 1248]
Event: 0.214 Thread 0x0000000056a81000 Exception <a 'java/security/PrivilegedActionException'> (0x00000000eababfa8) thrown at [D:\re\workspace\8-2-build-windows-amd64-cygwin\jdk8u5\2488\hotspot\src\share\vm\prims\jvm.cpp, line 1248]

Events (10 events):
Event: 0.213 loading class com/android/dx/dex/file/EncodedArrayItem
Event: 0.213 loading class com/android/dx/dex/file/EncodedArrayItem done
Event: 0.213 loading class com/android/dx/dex/file/ClassDataItem
Event: 0.213 loading class com/android/dx/dex/file/ClassDataItem done
Event: 0.213 loading class com/android/dx/dex/file/AnnotationsDirectoryItem
Event: 0.213 loading class com/android/dx/dex/file/AnnotationsDirectoryItem done
Event: 0.214 loading class com/android/dx/dex/file/AnnotationSetItem
Event: 0.214 loading class com/android/dx/dex/file/AnnotationSetItem done
Event: 0.214 loading class com/android/dx/dex/cf/AttributeTranslator
Event: 0.214 loading class com/android/dx/dex/cf/AttributeTranslator done


Dynamic libraries:
0x000000013f870000 - 0x000000013f8a4000 	C:\Program Files\Java\jdk1.8.0_05\bin\java.exe
0x0000000077a60000 - 0x0000000077c09000 	C:\windows\SYSTEM32\ntdll.dll
0x0000000077940000 - 0x0000000077a5f000 	C:\windows\system32\kernel32.dll
0x000007fefdb00000 - 0x000007fefdb6b000 	C:\windows\system32\KERNELBASE.dll
0x000007feff550000 - 0x000007feff62b000 	C:\windows\system32\ADVAPI32.dll
0x000007feff960000 - 0x000007feff9ff000 	C:\windows\system32\msvcrt.dll
0x000007feffcf0000 - 0x000007feffd0f000 	C:\windows\SYSTEM32\sechost.dll
0x000007fefe1b0000 - 0x000007fefe2dd000 	C:\windows\system32\RPCRT4.dll
0x0000000077840000 - 0x000000007793a000 	C:\windows\system32\USER32.dll
0x000007feff340000 - 0x000007feff3a7000 	C:\windows\system32\GDI32.dll
0x000007fefe1a0000 - 0x000007fefe1ae000 	C:\windows\system32\LPK.dll
0x000007feff890000 - 0x000007feff959000 	C:\windows\system32\USP10.dll
0x000007fefc250000 - 0x000007fefc444000 	C:\windows\WinSxS\amd64_microsoft.windows.common-controls_6595b64144ccf1df_6.0.7601.17514_none_fa396087175ac9ac\COMCTL32.dll
0x000007fefe2e0000 - 0x000007fefe351000 	C:\windows\system32\SHLWAPI.dll
0x000007fefd650000 - 0x000007fefd6a7000 	C:\windows\system32\apphelp.dll
0x000007fef2c40000 - 0x000007fef2c91000 	C:\windows\AppPatch\AppPatch64\AcGenral.DLL
0x000007fefd620000 - 0x000007fefd645000 	C:\windows\system32\SspiCli.dll
0x000007fefdf90000 - 0x000007fefe193000 	C:\windows\system32\ole32.dll
0x000007fefe440000 - 0x000007feff1c8000 	C:\windows\system32\SHELL32.dll
0x000000006fef0000 - 0x000000006fef3000 	C:\windows\system32\sfc.dll
0x000007fef88a0000 - 0x000007fef88b0000 	C:\windows\system32\sfc_os.DLL
0x000007fefd850000 - 0x000007fefd86e000 	C:\windows\system32\USERENV.dll
0x000007fefd810000 - 0x000007fefd81f000 	C:\windows\system32\profapi.dll
0x000007fefb9c0000 - 0x000007fefb9d8000 	C:\windows\system32\dwmapi.dll
0x000007fef7130000 - 0x000007fef7148000 	C:\windows\system32\MPR.dll
0x000007feff1d0000 - 0x000007feff1fe000 	C:\windows\system32\IMM32.DLL
0x000007feff440000 - 0x000007feff549000 	C:\windows\system32\MSCTF.dll
0x0000000065cf0000 - 0x0000000065dc2000 	C:\Program Files\Java\jdk1.8.0_05\jre\bin\msvcr100.dll
0x00000000645b0000 - 0x0000000064dda000 	C:\Program Files\Java\jdk1.8.0_05\jre\bin\server\jvm.dll
0x000007fef88b0000 - 0x000007fef88b9000 	C:\windows\system32\WSOCK32.dll
0x000007fefdd60000 - 0x000007fefddad000 	C:\windows\system32\WS2_32.dll
0x000007feff3b0000 - 0x000007feff3b8000 	C:\windows\system32\NSI.dll
0x000007fefaa10000 - 0x000007fefaa4b000 	C:\windows\system32\WINMM.dll
0x0000000077c20000 - 0x0000000077c27000 	C:\windows\system32\PSAPI.DLL
0x000000006ed40000 - 0x000000006ed4f000 	C:\Program Files\Java\jdk1.8.0_05\jre\bin\verify.dll
0x000000006ea10000 - 0x000000006ea38000 	C:\Program Files\Java\jdk1.8.0_05\jre\bin\java.dll
0x000000006ed20000 - 0x000000006ed36000 	C:\Program Files\Java\jdk1.8.0_05\jre\bin\zip.dll

VM Arguments:
jvm_args: -Djava.awt.headless=true -Xmx1024M -Dfile.encoding=windows-1252 -Duser.country=CN -Duser.language=zh -Duser.variant 
java_command: com.android.dx.command.Main --dex --force-jumbo --num-threads=4 --multi-dex --output D:\Android\android project\Fragment\app\build\intermediates\transforms\dex\debug\folders\1000\5\slice_9 D:\Android\android project\Fragment\app\build\intermediates\transforms\instantRunSlicer\debug\folders\1\5\slice_9
java_class_path (initial): D:\Android\sdk\build-tools\23.0.3\lib\dx.jar
Launcher Type: SUN_STANDARD

Environment Variables:
CLASSPATH=.
PATH=C:\Windows\system32;C:\Windows;C:\Windows\System32\Wbem;C:\Windows\System32\WindowsPowerShell\v1.0\;C:\Program Files\Java\jdk1.8.0_05\bin;C:\Program Files (x86)\QuickTime\QTSystem\
USERNAME=L
OS=Windows_NT
PROCESSOR_IDENTIFIER=Intel64 Family 6 Model 60 Stepping 3, GenuineIntel



---------------  S Y S T E M  ---------------

OS: Windows 7 , 64 bit Build 7601 Service Pack 1

CPU:total 4 (4 cores per cpu, 1 threads per core) family 6 model 60 stepping 3, cmov, cx8, fxsr, mmx, sse, sse2, sse3, ssse3, sse4.1, sse4.2, popcnt, avx, avx2, aes, clmul, erms, tsc, tscinvbit

Memory: 4k page, physical 8329424k(1083116k free), swap 8327560k(4296k free)

vm_info: Java HotSpot(TM) 64-Bit Server VM (25.5-b02) for windows-amd64 JRE (1.8.0_05-b13), built on Mar 18 2014 01:08:39 by "java_re" with MS VC++ 10.0 (VS2010)

time: Tue May 10 00:14:28 2016
elapsed time: 0 seconds

