#
# There is insufficient memory for the Java Runtime Environment to continue.
# Native memory allocation (malloc) failed to allocate 32744 bytes for ChunkPool::allocate
# Possible reasons:
#   The system is out of physical RAM or swap space
#   In 32 bit mode, the process size limit was hit
# Possible solutions:
#   Reduce memory load on the system
#   Increase physical memory or swap space
#   Check if swap backing store is full
#   Use 64 bit Java on a 64 bit OS
#   Decrease Java heap size (-Xmx/-Xms)
#   Decrease number of Java threads
#   Decrease Java thread stack sizes (-Xss)
#   Set larger code cache with -XX:ReservedCodeCacheSize=
# This output file may be truncated or incomplete.
#
#  Out of Memory Error (allocation.cpp:271), pid=6968, tid=2736
#
# JRE version: Java(TM) SE Runtime Environment (8.0_05-b13) (build 1.8.0_05-b13)
# Java VM: Java HotSpot(TM) 64-Bit Server VM (25.5-b02 mixed mode windows-amd64 compressed oops)
# Failed to write core dump. Minidumps are not enabled by default on client versions of Windows
#

---------------  T H R E A D  ---------------

Current thread (0x0000000056c00800):  JavaThread "C1 CompilerThread2" daemon [_thread_in_native, id=2736, stack(0x0000000057110000,0x0000000057210000)]

Stack: [0x0000000057110000,0x0000000057210000]
[error occurred during error reporting (printing stack bounds), id 0xc0000005]

Native frames: (J=compiled Java code, j=interpreted, Vv=VM code, C=native code)
V  [jvm.dll+0x308dea]


Current CompileTask:
C1:    275  607   !   3       com.android.dx.cf.code.BytecodeArray::
[error occurred during error reporting (printing current compile task), id 0xe0000001]


---------------  P R O C E S S  ---------------

Java Threads: ( => current thread )
  0x0000000056e5e800 JavaThread "pool-2-thread-4" [_thread_in_Java, id=2988, stack(0x0000000057bd0000,0x0000000057cd0000)]
  0x0000000056e5f800 JavaThread "pool-2-thread-3" [_thread_in_Java, id=6604, stack(0x00000000579a0000,0x0000000057aa0000)]
  0x0000000056d8b000 JavaThread "pool-2-thread-2" [_thread_blocked, id=6100, stack(0x00000000577f0000,0x00000000578f0000)]
  0x0000000056d8d800 JavaThread "pool-3-thread-1" [_thread_blocked, id=7148, stack(0x00000000569e0000,0x0000000056ae0000)]
  0x0000000056d85800 JavaThread "pool-2-thread-1" [_thread_blocked, id=6908, stack(0x00000000576e0000,0x00000000577e0000)]
  0x0000000056c74800 JavaThread "Service Thread" daemon [_thread_blocked, id=6608, stack(0x0000000057320000,0x0000000057420000)]
=>0x0000000056c00800 JavaThread "C1 CompilerThread2" daemon [_thread_in_native, id=2736, stack(0x0000000057110000,0x0000000057210000)]
  0x000000005531d800 JavaThread "C2 CompilerThread1" daemon [_thread_in_vm, id=4080, stack(0x0000000056b00000,0x0000000056c00000)]
  0x0000000055317000 JavaThread "C2 CompilerThread0" daemon [_thread_in_native, id=6488, stack(0x0000000056870000,0x0000000056970000)]
  0x0000000055310000 JavaThread "Attach Listener" daemon [_thread_blocked, id=4628, stack(0x00000000565f0000,0x00000000566f0000)]
  0x000000005530f000 JavaThread "Signal Dispatcher" daemon [_thread_blocked, id=5608, stack(0x0000000056720000,0x0000000056820000)]
  0x00000000552ae000 JavaThread "Finalizer" daemon [_thread_blocked, id=5100, stack(0x0000000056330000,0x0000000056430000)]
  0x00000000552a9000 JavaThread "Reference Handler" daemon [_thread_blocked, id=5428, stack(0x0000000056450000,0x0000000056550000)]
  0x000000000235e800 JavaThread "main" [_thread_blocked, id=5252, stack(0x00000000023e0000,0x00000000024e0000)]

Other Threads:
  0x00000000552a5800 VMThread [stack: 0x0000000056160000,0x0000000056260000] [id=6432]
  0x0000000056c88000 WatcherThread [stack: 0x0000000057520000,0x0000000057620000] [id=6424]

VM state:not at safepoint (normal execution)

VM Mutex/Monitor currently owned by a thread: None

Heap:
 PSYoungGen      total 2560K, used 1173K [0x00000000eab00000, 0x00000000eae00000, 0x0000000100000000)
  eden space 2048K, 32% used [0x00000000eab00000,0x00000000eaba56a8,0x00000000ead00000)
  from space 512K, 100% used [0x00000000ead80000,0x00000000eae00000,0x00000000eae00000)
  to   space 512K, 0% used [0x00000000ead00000,0x00000000ead00000,0x00000000ead80000)
 ParOldGen       total 129536K, used 3445K [0x00000000c0000000, 0x00000000c7e80000, 0x00000000eab00000)
  object space 129536K, 2% used [0x00000000c0000000,0x00000000c035d428,0x00000000c7e80000)
 Metaspace       used 5471K, capacity 6576K, committed 6784K, reserved 1056768K
  class space    used 587K, capacity 616K, committed 640K, reserved 1048576K

Card table byte_map: [0x0000000011c30000,0x0000000011e40000] byte_map_base: 0x0000000011630000

Marking Bits: (ParMarkBitMap*) 0x0000000064d613b0
 Begin Bits: [0x0000000012720000, 0x0000000013720000)
 End Bits:   [0x0000000013720000, 0x0000000014720000)

Polling page: 0x0000000000250000

CodeCache: size=245760Kb used=2289Kb max_used=2290Kb free=243471Kb
 bounds [0x0000000002870000, 0x0000000002ae0000, 0x0000000011870000]
 total_blobs=888 nmethods=624 adapters=178
 compilation: enabled

Compilation events (10 events):
Event: 0.270 Thread 0x0000000056c00800 nmethod 614 0x0000000002aad910 code [0x0000000002aadae0, 0x0000000002aae348]
Event: 0.270 Thread 0x0000000056c00800  649       3       com.android.dx.ssa.SsaMethod::bitSetFromLabelList (47 bytes)
Event: 0.271 Thread 0x0000000056c00800 nmethod 649 0x0000000002aacd10 code [0x0000000002aacec0, 0x0000000002aad618]
Event: 0.271 Thread 0x0000000056c00800  650   !   3       com.android.dx.ssa.LocalVariableInfo::getStarts0 (18 bytes)
Event: 0.271 Thread 0x0000000056c00800 nmethod 650 0x0000000002aaa110 code [0x0000000002aaa280, 0x0000000002aaa4c8]
Event: 0.271 Thread 0x0000000056c00800  646       3       com.android.dx.rop.code.BasicBlockList$RegCountVisitor::visitPlainInsn (6 bytes)
Event: 0.271 Thread 0x0000000056c00800 nmethod 646 0x0000000002aac990 code [0x0000000002aacb00, 0x0000000002aacc88]
Event: 0.271 Thread 0x0000000056c00800  606       3       com.android.dx.cf.code.ByteOps::opInfo (6 bytes)
Event: 0.271 Thread 0x0000000056c00800 nmethod 606 0x0000000002aac610 code [0x0000000002aac760, 0x0000000002aac8b0]
Event: 0.271 Thread 0x0000000056c00800  607   !   3       com.android.dx.cf.code.BytecodeArray::parseInstruction (2764 bytes)

GC Heap History (10 events):
Event: 0.144 GC heap before
{Heap before GC invocations=4 (full 0):
 PSYoungGen      total 1536K, used 1522K [0x00000000eab00000, 0x00000000eae00000, 0x0000000100000000)
  eden space 1024K, 99% used [0x00000000eab00000,0x00000000eabfec20,0x00000000eac00000)
  from space 512K, 98% used [0x00000000eac00000,0x00000000eac7dc60,0x00000000eac80000)
  to   space 512K, 0% used [0x00000000ead80000,0x00000000ead80000,0x00000000eae00000)
 ParOldGen       total 129536K, used 436K [0x00000000c0000000, 0x00000000c7e80000, 0x00000000eab00000)
  object space 129536K, 0% used [0x00000000c0000000,0x00000000c006d208,0x00000000c7e80000)
 Metaspace       used 3830K, capacity 5104K, committed 5376K, reserved 1056768K
  class space    used 434K, capacity 488K, committed 512K, reserved 1048576K
Event: 0.145 GC heap after
Heap after GC invocations=4 (full 0):
 PSYoungGen      total 2560K, used 490K [0x00000000eab00000, 0x00000000eae00000, 0x0000000100000000)
  eden space 2048K, 0% used [0x00000000eab00000,0x00000000eab00000,0x00000000ead00000)
  from space 512K, 95% used [0x00000000ead80000,0x00000000eadfaa90,0x00000000eae00000)
  to   space 512K, 0% used [0x00000000ead00000,0x00000000ead00000,0x00000000ead80000)
 ParOldGen       total 129536K, used 755K [0x00000000c0000000, 0x00000000c7e80000, 0x00000000eab00000)
  object space 129536K, 0% used [0x00000000c0000000,0x00000000c00bcd10,0x00000000c7e80000)
 Metaspace       used 3830K, capacity 5104K, committed 5376K, reserved 1056768K
  class space    used 434K, capacity 488K, committed 512K, reserved 1048576K
}
Event: 0.169 GC heap before
{Heap before GC invocations=5 (full 0):
 PSYoungGen      total 2560K, used 2532K [0x00000000eab00000, 0x00000000eae00000, 0x0000000100000000)
  eden space 2048K, 99% used [0x00000000eab00000,0x00000000eacfe718,0x00000000ead00000)
  from space 512K, 95% used [0x00000000ead80000,0x00000000eadfaa90,0x00000000eae00000)
  to   space 512K, 0% used [0x00000000ead00000,0x00000000ead00000,0x00000000ead80000)
 ParOldGen       total 129536K, used 755K [0x00000000c0000000, 0x00000000c7e80000, 0x00000000eab00000)
  object space 129536K, 0% used [0x00000000c0000000,0x00000000c00bcd10,0x00000000c7e80000)
 Metaspace       used 4307K, capacity 5520K, committed 5760K, reserved 1056768K
  class space    used 486K, capacity 520K, committed 640K, reserved 1048576K
Event: 0.170 GC heap after
Heap after GC invocations=5 (full 0):
 PSYoungGen      total 2560K, used 512K [0x00000000eab00000, 0x00000000eae00000, 0x0000000100000000)
  eden space 2048K, 0% used [0x00000000eab00000,0x00000000eab00000,0x00000000ead00000)
  from space 512K, 100% used [0x00000000ead00000,0x00000000ead80000,0x00000000ead80000)
  to   space 512K, 0% used [0x00000000ead80000,0x00000000ead80000,0x00000000eae00000)
 ParOldGen       total 129536K, used 1537K [0x00000000c0000000, 0x00000000c7e80000, 0x00000000eab00000)
  object space 129536K, 1% used [0x00000000c0000000,0x00000000c0180460,0x00000000c7e80000)
 Metaspace       used 4307K, capacity 5520K, committed 5760K, reserved 1056768K
  class space    used 486K, capacity 520K, committed 640K, reserved 1048576K
}
Event: 0.202 GC heap before
{Heap before GC invocations=6 (full 0):
 PSYoungGen      total 2560K, used 2560K [0x00000000eab00000, 0x00000000eae00000, 0x0000000100000000)
  eden space 2048K, 100% used [0x00000000eab00000,0x00000000ead00000,0x00000000ead00000)
  from space 512K, 100% used [0x00000000ead00000,0x00000000ead80000,0x00000000ead80000)
  to   space 512K, 0% used [0x00000000ead80000,0x00000000ead80000,0x00000000eae00000)
 ParOldGen       total 129536K, used 1537K [0x00000000c0000000, 0x00000000c7e80000, 0x00000000eab00000)
  object space 129536K, 1% used [0x00000000c0000000,0x00000000c0180460,0x00000000c7e80000)
 Metaspace       used 4846K, capacity 6032K, committed 6272K, reserved 1056768K
  class space    used 544K, capacity 584K, committed 640K, reserved 1048576K
Event: 0.205 GC heap after
Heap after GC invocations=6 (full 0):
 PSYoungGen      total 2560K, used 496K [0x00000000eab00000, 0x00000000eae00000, 0x0000000100000000)
  eden space 2048K, 0% used [0x00000000eab00000,0x00000000eab00000,0x00000000ead00000)
  from space 512K, 96% used [0x00000000ead80000,0x00000000eadfc010,0x00000000eae00000)
  to   space 512K, 0% used [0x00000000ead00000,0x00000000ead00000,0x00000000ead80000)
 ParOldGen       total 129536K, used 2213K [0x00000000c0000000, 0x00000000c7e80000, 0x00000000eab00000)
  object space 129536K, 1% used [0x00000000c0000000,0x00000000c02296e8,0x00000000c7e80000)
 Metaspace       used 4846K, capacity 6032K, committed 6272K, reserved 1056768K
  class space    used 544K, capacity 584K, committed 640K, reserved 1048576K
}
Event: 0.237 GC heap before
{Heap before GC invocations=7 (full 0):
 PSYoungGen      total 2560K, used 2544K [0x00000000eab00000, 0x00000000eae00000, 0x0000000100000000)
  eden space 2048K, 100% used [0x00000000eab00000,0x00000000ead00000,0x00000000ead00000)
  from space 512K, 96% used [0x00000000ead80000,0x00000000eadfc010,0x00000000eae00000)
  to   space 512K, 0% used [0x00000000ead00000,0x00000000ead00000,0x00000000ead80000)
 ParOldGen       total 129536K, used 2213K [0x00000000c0000000, 0x00000000c7e80000, 0x00000000eab00000)
  object space 129536K, 1% used [0x00000000c0000000,0x00000000c02296e8,0x00000000c7e80000)
 Metaspace       used 5289K, capacity 6448K, committed 6528K, reserved 1056768K
  class space    used 583K, capacity 616K, committed 640K, reserved 1048576K
Event: 0.240 GC heap after
Heap after GC invocations=7 (full 0):
 PSYoungGen      total 2560K, used 480K [0x00000000eab00000, 0x00000000eae00000, 0x0000000100000000)
  eden space 2048K, 0% used [0x00000000eab00000,0x00000000eab00000,0x00000000ead00000)
  from space 512K, 93% used [0x00000000ead00000,0x00000000ead78018,0x00000000ead80000)
  to   space 512K, 0% used [0x00000000ead80000,0x00000000ead80000,0x00000000eae00000)
 ParOldGen       total 129536K, used 3013K [0x00000000c0000000, 0x00000000c7e80000, 0x00000000eab00000)
  object space 129536K, 2% used [0x00000000c0000000,0x00000000c02f1410,0x00000000c7e80000)
 Metaspace       used 5289K, capacity 6448K, committed 6528K, reserved 1056768K
  class space    used 583K, capacity 616K, committed 640K, reserved 1048576K
}
Event: 0.262 GC heap before
{Heap before GC invocations=8 (full 0):
 PSYoungGen      total 2560K, used 2528K [0x00000000eab00000, 0x00000000eae00000, 0x0000000100000000)
  eden space 2048K, 100% used [0x00000000eab00000,0x00000000ead00000,0x00000000ead00000)
  from space 512K, 93% used [0x00000000ead00000,0x00000000ead78018,0x00000000ead80000)
  to   space 512K, 0% used [0x00000000ead80000,0x00000000ead80000,0x00000000eae00000)
 ParOldGen       total 129536K, used 3013K [0x00000000c0000000, 0x00000000c7e80000, 0x00000000eab00000)
  object space 129536K, 2% used [0x00000000c0000000,0x00000000c02f1410,0x00000000c7e80000)
 Metaspace       used 5449K, capacity 6576K, committed 6784K, reserved 1056768K
  class space    used 587K, capacity 616K, committed 640K, reserved 1048576K
Event: 0.263 GC heap after
Heap after GC invocations=8 (full 0):
 PSYoungGen      total 2560K, used 512K [0x00000000eab00000, 0x00000000eae00000, 0x0000000100000000)
  eden space 2048K, 0% used [0x00000000eab00000,0x00000000eab00000,0x00000000ead00000)
  from space 512K, 100% used [0x00000000ead80000,0x00000000eae00000,0x00000000eae00000)
  to   space 512K, 0% used [0x00000000ead00000,0x00000000ead00000,0x00000000ead80000)
 ParOldGen       total 129536K, used 3445K [0x00000000c0000000, 0x00000000c7e80000, 0x00000000eab00000)
  object space 129536K, 2% used [0x00000000c0000000,0x00000000c035d428,0x00000000c7e80000)
 Metaspace       used 5449K, capacity 6576K, committed 6784K, reserved 1056768K
  class space    used 587K, capacity 616K, committed 640K, reserved 1048576K
}

Deoptimization events (0 events):
No events

Internal exceptions (10 events):
Event: 0.228 Thread 0x0000000056e5e800 Exception <a 'java/security/PrivilegedActionException'> (0x00000000eac729a8) thrown at [D:\re\workspace\8-2-build-windows-amd64-cygwin\jdk8u5\2488\hotspot\src\share\vm\prims\jvm.cpp, line 1248]
Event: 0.228 Thread 0x0000000056e5e800 Exception <a 'java/security/PrivilegedActionException'> (0x00000000eac7b468) thrown at [D:\re\workspace\8-2-build-windows-amd64-cygwin\jdk8u5\2488\hotspot\src\share\vm\prims\jvm.cpp, line 1248]
Event: 0.229 Thread 0x000000000235e800 Exception <a 'java/security/PrivilegedActionException'> (0x00000000eac2d3f8) thrown at [D:\re\workspace\8-2-build-windows-amd64-cygwin\jdk8u5\2488\hotspot\src\share\vm\prims\jvm.cpp, line 1248]
Event: 0.230 Thread 0x0000000056d85800 Exception <a 'java/security/PrivilegedActionException'> (0x00000000eac85858) thrown at [D:\re\workspace\8-2-build-windows-amd64-cygwin\jdk8u5\2488\hotspot\src\share\vm\prims\jvm.cpp, line 1248]
Event: 0.233 Thread 0x0000000056e5e800 Exception <a 'java/security/PrivilegedActionException'> (0x00000000eacb2ff0) thrown at [D:\re\workspace\8-2-build-windows-amd64-cygwin\jdk8u5\2488\hotspot\src\share\vm\prims\jvm.cpp, line 1248]
Event: 0.233 Thread 0x0000000056e5e800 Exception <a 'java/security/PrivilegedActionException'> (0x00000000eacd1c10) thrown at [D:\re\workspace\8-2-build-windows-amd64-cygwin\jdk8u5\2488\hotspot\src\share\vm\prims\jvm.cpp, line 1248]
Event: 0.243 Thread 0x0000000056e5f800 Exception <a 'java/security/PrivilegedActionException'> (0x00000000eab49570) thrown at [D:\re\workspace\8-2-build-windows-amd64-cygwin\jdk8u5\2488\hotspot\src\share\vm\prims\jvm.cpp, line 1248]
Event: 0.251 Thread 0x0000000056e5e800 Exception <a 'java/security/PrivilegedActionException'> (0x00000000eac1aa18) thrown at [D:\re\workspace\8-2-build-windows-amd64-cygwin\jdk8u5\2488\hotspot\src\share\vm\prims\jvm.cpp, line 1248]
Event: 0.252 Thread 0x0000000056e5e800 Exception <a 'java/security/PrivilegedActionException'> (0x00000000eac237b0) thrown at [D:\re\workspace\8-2-build-windows-amd64-cygwin\jdk8u5\2488\hotspot\src\share\vm\prims\jvm.cpp, line 1248]
Event: 0.252 Thread 0x0000000056e5e800 Exception <a 'java/security/PrivilegedActionException'> (0x00000000eac2f878) thrown at [D:\re\workspace\8-2-build-windows-amd64-cygwin\jdk8u5\2488\hotspot\src\share\vm\prims\jvm.cpp, line 1248]

Events (10 events):
Event: 0.248 loading class java/util/DualPivotQuicksort
Event: 0.248 loading class java/util/DualPivotQuicksort done
Event: 0.251 loading class com/android/dx/dex/file/ParameterAnnotationStruct
Event: 0.251 loading class com/android/dx/dex/file/ParameterAnnotationStruct done
Event: 0.252 loading class com/android/dx/dex/file/UniformListItem
Event: 0.252 loading class com/android/dx/dex/file/UniformListItem done
Event: 0.252 loading class com/android/dx/dex/file/AnnotationSetRefItem
Event: 0.252 loading class com/android/dx/dex/file/AnnotationSetRefItem done
Event: 0.262 Executing VM operation: ParallelGCFailedAllocation
Event: 0.263 Executing VM operation: ParallelGCFailedAllocation done


Dynamic libraries:
0x000000013f870000 - 0x000000013f8a4000 	C:\Program Files\Java\jdk1.8.0_05\bin\java.exe
0x0000000077a60000 - 0x0000000077c09000 	C:\windows\SYSTEM32\ntdll.dll
0x0000000077940000 - 0x0000000077a5f000 	C:\windows\system32\kernel32.dll
0x000007fefdb00000 - 0x000007fefdb6b000 	C:\windows\system32\KERNELBASE.dll
0x000007feff550000 - 0x000007feff62b000 	C:\windows\system32\ADVAPI32.dll
0x000007feff960000 - 0x000007feff9ff000 	C:\windows\system32\msvcrt.dll
0x000007feffcf0000 - 0x000007feffd0f000 	C:\windows\SYSTEM32\sechost.dll
0x000007fefe1b0000 - 0x000007fefe2dd000 	C:\windows\system32\RPCRT4.dll
0x0000000077840000 - 0x000000007793a000 	C:\windows\system32\USER32.dll
0x000007feff340000 - 0x000007feff3a7000 	C:\windows\system32\GDI32.dll
0x000007fefe1a0000 - 0x000007fefe1ae000 	C:\windows\system32\LPK.dll
0x000007feff890000 - 0x000007feff959000 	C:\windows\system32\USP10.dll
0x000007fefc250000 - 0x000007fefc444000 	C:\windows\WinSxS\amd64_microsoft.windows.common-controls_6595b64144ccf1df_6.0.7601.17514_none_fa396087175ac9ac\COMCTL32.dll
0x000007fefe2e0000 - 0x000007fefe351000 	C:\windows\system32\SHLWAPI.dll
0x000007fefd650000 - 0x000007fefd6a7000 	C:\windows\system32\apphelp.dll
0x000007fef2c40000 - 0x000007fef2c91000 	C:\windows\AppPatch\AppPatch64\AcGenral.DLL
0x000007fefd620000 - 0x000007fefd645000 	C:\windows\system32\SspiCli.dll
0x000007fefdf90000 - 0x000007fefe193000 	C:\windows\system32\ole32.dll
0x000007fefe440000 - 0x000007feff1c8000 	C:\windows\system32\SHELL32.dll
0x000000006fef0000 - 0x000000006fef3000 	C:\windows\system32\sfc.dll
0x000007fef88a0000 - 0x000007fef88b0000 	C:\windows\system32\sfc_os.DLL
0x000007fefd850000 - 0x000007fefd86e000 	C:\windows\system32\USERENV.dll
0x000007fefd810000 - 0x000007fefd81f000 	C:\windows\system32\profapi.dll
0x000007fefb9c0000 - 0x000007fefb9d8000 	C:\windows\system32\dwmapi.dll
0x000007fef7130000 - 0x000007fef7148000 	C:\windows\system32\MPR.dll
0x000007feff1d0000 - 0x000007feff1fe000 	C:\windows\system32\IMM32.DLL
0x000007feff440000 - 0x000007feff549000 	C:\windows\system32\MSCTF.dll
0x0000000065cf0000 - 0x0000000065dc2000 	C:\Program Files\Java\jdk1.8.0_05\jre\bin\msvcr100.dll
0x00000000645b0000 - 0x0000000064dda000 	C:\Program Files\Java\jdk1.8.0_05\jre\bin\server\jvm.dll
0x000007fef88b0000 - 0x000007fef88b9000 	C:\windows\system32\WSOCK32.dll
0x000007fefdd60000 - 0x000007fefddad000 	C:\windows\system32\WS2_32.dll
0x000007feff3b0000 - 0x000007feff3b8000 	C:\windows\system32\NSI.dll
0x000007fefaa10000 - 0x000007fefaa4b000 	C:\windows\system32\WINMM.dll
0x0000000077c20000 - 0x0000000077c27000 	C:\windows\system32\PSAPI.DLL
0x000000006ed40000 - 0x000000006ed4f000 	C:\Program Files\Java\jdk1.8.0_05\jre\bin\verify.dll
0x000000006ea10000 - 0x000000006ea38000 	C:\Program Files\Java\jdk1.8.0_05\jre\bin\java.dll
0x000000006ed20000 - 0x000000006ed36000 	C:\Program Files\Java\jdk1.8.0_05\jre\bin\zip.dll

VM Arguments:
jvm_args: -Djava.awt.headless=true -Xmx1024M -Dfile.encoding=windows-1252 -Duser.country=CN -Duser.language=zh -Duser.variant 
java_command: com.android.dx.command.Main --dex --force-jumbo --num-threads=4 --multi-dex --output D:\Android\android project\Fragment\app\build\intermediates\transforms\dex\debug\folders\1000\10\com.android.support-support-vector-drawable-23.3.0_7b602cad0f289913da349b8fd80648c4ddfa3ec8 D:\Android\android project\Fragment\app\build\intermediates\exploded-aar\com.android.support\support-vector-drawable\23.3.0\jars\classes.jar
java_class_path (initial): D:\Android\sdk\build-tools\23.0.3\lib\dx.jar
Launcher Type: SUN_STANDARD

Environment Variables:



---------------  S Y S T E M  ---------------

OS: Windows 7 , 64 bit Build 7601 Service Pack 1

CPU:total 4 (4 cores per cpu, 1 threads per core) family 6 model 60 stepping 3, cmov, cx8, fxsr, mmx, sse, sse2, sse3, ssse3, sse4.1, sse4.2, popcnt, avx, avx2, aes, clmul, erms, tsc, tscinvbit

Memory: 4k page, physical 8329424k(1067240k free), swap 8327560k(5092k free)

vm_info: Java HotSpot(TM) 64-Bit Server VM (25.5-b02) for windows-amd64 JRE (1.8.0_05-b13), built on Mar 18 2014 01:08:39 by "java_re" with MS VC++ 10.0 (VS2010)

time: Tue May 10 00:14:22 2016
elapsed time: 0 seconds

